<?xml version="1.0" encoding="UTF-8"?>
<!-- Generated by org.testng.reporters.JUnitXMLReporter -->
<testsuite hostname="chinaskindeiMac.local" name="AllTest" tests="52" failures="10" timestamp="9 May 2016 08:43:21 GMT" time="1203.634" errors="0">
  <testcase name="@BeforeClass OpenInitializationTestPage" time="0.0" classname="test10.yueni.android.myprofile.Test14EditUserInfoPage">
    <failure type="java.lang.AssertionError" message="查看元素失败，无法进行click操作">
      <![CDATA[java.lang.AssertionError: 查看元素失败，无法进行click操作
	at net.wanghaifeng.page.android.Android06UserCenterPage.clickEditUserInfoButton(Android06UserCenterPage.java:108)
	at test10.yueni.android.myprofile.Test14EditUserInfoPage.OpenInitializationTestPage(Test14EditUserInfoPage.java:18)
... Removed 25 stack frames]]>
    </failure>
  </testcase> <!-- @BeforeClass OpenInitializationTestPage -->
  <testcase name="@AfterClass ResetTestApplication" time="0.0" classname="test10.yueni.android.myprofile.Test14EditUserInfoPage">
    <skipped/>
  </testcase> <!-- @AfterClass ResetTestApplication -->
  <testcase name="@BeforeClass OpenInitializationTestPage" time="0.0" classname="test10.yueni.android.myprofile.Test07SystemSettingPage">
    <skipped/>
  </testcase> <!-- @BeforeClass OpenInitializationTestPage -->
  <testcase name="@AfterMethod afterMethod" time="0.0" classname="test10.yueni.android.myprofile.Test07SystemSettingPage">
    <failure type="org.openqa.selenium.remote.SessionNotFoundException" message="
Command duration or timeout: 4 milliseconds
Build info: version: &amp;apos;2.42.2&amp;apos;, revision: &amp;apos;6a6995d31c7c56c340d6f45a76976d43506cd6cc&amp;apos;, time: &amp;apos;2014-06-03 10:52:47&amp;apos;
System info: host: &amp;apos;chinaskindeiMac.local&amp;apos;, ip: &amp;apos;192.168.145.165&amp;apos;, os.name: &amp;apos;Mac OS X&amp;apos;, os.arch: &amp;apos;x86_64&amp;apos;, os.version: &amp;apos;10.11.3&amp;apos;, java.version: &amp;apos;1.8.0_51&amp;apos;
Driver info: io.appium.java_client.android.AndroidDriver
Capabilities [{app=/Users/chinaskin/Desktop/yueniapp-YN_TEST-x86-debug.apk, networkConnectionEnabled=true, noReset=true, warnings={}, app-package=null, app-activity=null, databaseEnabled=false, deviceName=emulator-5554, platform=LINUX, desired={app=/Users/chinaskin/Desktop/yueniapp-YN_TEST-x86-debug.apk, noReset=true, platformVersion=4.4, app-package=null, app-activity=null, unicodeKeyboard=true, platformName=Android, deviceName=emulator-5554, resetKeyboard=true}, platformVersion=6.0, webStorageEnabled=false, locationContextEnabled=false, browserName=Android, takesScreenshot=true, javascriptEnabled=true, unicodeKeyboard=true, platformName=Android, resetKeyboard=true}]
Session ID: 6bbffa36-8bca-46a7-a0f7-6e29aedc216e">
      <![CDATA[org.openqa.selenium.remote.SessionNotFoundException: 
Command duration or timeout: 4 milliseconds
Build info: version: '2.42.2', revision: '6a6995d31c7c56c340d6f45a76976d43506cd6cc', time: '2014-06-03 10:52:47'
System info: host: 'chinaskindeiMac.local', ip: '192.168.145.165', os.name: 'Mac OS X', os.arch: 'x86_64', os.version: '10.11.3', java.version: '1.8.0_51'
Driver info: io.appium.java_client.android.AndroidDriver
Capabilities [{app=/Users/chinaskin/Desktop/yueniapp-YN_TEST-x86-debug.apk, networkConnectionEnabled=true, noReset=true, warnings={}, app-package=null, app-activity=null, databaseEnabled=false, deviceName=emulator-5554, platform=LINUX, desired={app=/Users/chinaskin/Desktop/yueniapp-YN_TEST-x86-debug.apk, noReset=true, platformVersion=4.4, app-package=null, app-activity=null, unicodeKeyboard=true, platformName=Android, deviceName=emulator-5554, resetKeyboard=true}, platformVersion=6.0, webStorageEnabled=false, locationContextEnabled=false, browserName=Android, takesScreenshot=true, javascriptEnabled=true, unicodeKeyboard=true, platformName=Android, resetKeyboard=true}]
Session ID: 6bbffa36-8bca-46a7-a0f7-6e29aedc216e
	at org.openqa.selenium.remote.ErrorHandler.createThrowable(ErrorHandler.java:204)
	at org.openqa.selenium.remote.ErrorHandler.throwIfResponseFailed(ErrorHandler.java:162)
	at org.openqa.selenium.remote.RemoteWebDriver.execute(RemoteWebDriver.java:599)
	at io.appium.java_client.AppiumDriver.execute(AppiumDriver.java:180)
	at io.appium.java_client.AppiumDriver.execute(AppiumDriver.java:185)
	at org.openqa.selenium.remote.RemoteWebDriver.getScreenshotAs(RemoteWebDriver.java:324)
	at net.wanghaifeng.com.PublicStaticMethod.captureScreenShot(PublicStaticMethod.java:133)
	at net.wanghaifeng.com.TestDriverAndroid.afterMethod(TestDriverAndroid.java:112)
... Removed 29 stack frames]]>
    </failure>
  </testcase> <!-- @AfterMethod afterMethod -->
  <testcase name="@AfterMethod afterMethod" time="0.0" classname="test10.yueni.android.myprofile.Test07SystemSettingPage">
    <failure type="org.openqa.selenium.remote.SessionNotFoundException" message="
Command duration or timeout: 3 milliseconds
Build info: version: &amp;apos;2.42.2&amp;apos;, revision: &amp;apos;6a6995d31c7c56c340d6f45a76976d43506cd6cc&amp;apos;, time: &amp;apos;2014-06-03 10:52:47&amp;apos;
System info: host: &amp;apos;chinaskindeiMac.local&amp;apos;, ip: &amp;apos;192.168.145.165&amp;apos;, os.name: &amp;apos;Mac OS X&amp;apos;, os.arch: &amp;apos;x86_64&amp;apos;, os.version: &amp;apos;10.11.3&amp;apos;, java.version: &amp;apos;1.8.0_51&amp;apos;
Driver info: io.appium.java_client.android.AndroidDriver
Capabilities [{app=/Users/chinaskin/Desktop/yueniapp-YN_TEST-x86-debug.apk, networkConnectionEnabled=true, noReset=true, warnings={}, app-package=null, app-activity=null, databaseEnabled=false, deviceName=emulator-5554, platform=LINUX, desired={app=/Users/chinaskin/Desktop/yueniapp-YN_TEST-x86-debug.apk, noReset=true, platformVersion=4.4, app-package=null, app-activity=null, unicodeKeyboard=true, platformName=Android, deviceName=emulator-5554, resetKeyboard=true}, platformVersion=6.0, webStorageEnabled=false, locationContextEnabled=false, browserName=Android, takesScreenshot=true, javascriptEnabled=true, unicodeKeyboard=true, platformName=Android, resetKeyboard=true}]
Session ID: 6bbffa36-8bca-46a7-a0f7-6e29aedc216e">
      <![CDATA[org.openqa.selenium.remote.SessionNotFoundException: 
Command duration or timeout: 3 milliseconds
Build info: version: '2.42.2', revision: '6a6995d31c7c56c340d6f45a76976d43506cd6cc', time: '2014-06-03 10:52:47'
System info: host: 'chinaskindeiMac.local', ip: '192.168.145.165', os.name: 'Mac OS X', os.arch: 'x86_64', os.version: '10.11.3', java.version: '1.8.0_51'
Driver info: io.appium.java_client.android.AndroidDriver
Capabilities [{app=/Users/chinaskin/Desktop/yueniapp-YN_TEST-x86-debug.apk, networkConnectionEnabled=true, noReset=true, warnings={}, app-package=null, app-activity=null, databaseEnabled=false, deviceName=emulator-5554, platform=LINUX, desired={app=/Users/chinaskin/Desktop/yueniapp-YN_TEST-x86-debug.apk, noReset=true, platformVersion=4.4, app-package=null, app-activity=null, unicodeKeyboard=true, platformName=Android, deviceName=emulator-5554, resetKeyboard=true}, platformVersion=6.0, webStorageEnabled=false, locationContextEnabled=false, browserName=Android, takesScreenshot=true, javascriptEnabled=true, unicodeKeyboard=true, platformName=Android, resetKeyboard=true}]
Session ID: 6bbffa36-8bca-46a7-a0f7-6e29aedc216e
	at org.openqa.selenium.remote.ErrorHandler.createThrowable(ErrorHandler.java:204)
	at org.openqa.selenium.remote.ErrorHandler.throwIfResponseFailed(ErrorHandler.java:162)
	at org.openqa.selenium.remote.RemoteWebDriver.execute(RemoteWebDriver.java:599)
	at io.appium.java_client.AppiumDriver.execute(AppiumDriver.java:180)
	at io.appium.java_client.AppiumDriver.execute(AppiumDriver.java:185)
	at org.openqa.selenium.remote.RemoteWebDriver.getScreenshotAs(RemoteWebDriver.java:324)
	at net.wanghaifeng.com.PublicStaticMethod.captureScreenShot(PublicStaticMethod.java:133)
	at net.wanghaifeng.com.TestDriverAndroid.afterMethod(TestDriverAndroid.java:112)
... Removed 29 stack frames]]>
    </failure>
  </testcase> <!-- @AfterMethod afterMethod -->
  <testcase name="@AfterMethod afterMethod" time="0.0" classname="test10.yueni.android.myprofile.Test07SystemSettingPage">
    <failure type="org.openqa.selenium.remote.SessionNotFoundException" message="
Command duration or timeout: 4 milliseconds
Build info: version: &amp;apos;2.42.2&amp;apos;, revision: &amp;apos;6a6995d31c7c56c340d6f45a76976d43506cd6cc&amp;apos;, time: &amp;apos;2014-06-03 10:52:47&amp;apos;
System info: host: &amp;apos;chinaskindeiMac.local&amp;apos;, ip: &amp;apos;192.168.145.165&amp;apos;, os.name: &amp;apos;Mac OS X&amp;apos;, os.arch: &amp;apos;x86_64&amp;apos;, os.version: &amp;apos;10.11.3&amp;apos;, java.version: &amp;apos;1.8.0_51&amp;apos;
Driver info: io.appium.java_client.android.AndroidDriver
Capabilities [{app=/Users/chinaskin/Desktop/yueniapp-YN_TEST-x86-debug.apk, networkConnectionEnabled=true, noReset=true, warnings={}, app-package=null, app-activity=null, databaseEnabled=false, deviceName=emulator-5554, platform=LINUX, desired={app=/Users/chinaskin/Desktop/yueniapp-YN_TEST-x86-debug.apk, noReset=true, platformVersion=4.4, app-package=null, app-activity=null, unicodeKeyboard=true, platformName=Android, deviceName=emulator-5554, resetKeyboard=true}, platformVersion=6.0, webStorageEnabled=false, locationContextEnabled=false, browserName=Android, takesScreenshot=true, javascriptEnabled=true, unicodeKeyboard=true, platformName=Android, resetKeyboard=true}]
Session ID: 6bbffa36-8bca-46a7-a0f7-6e29aedc216e">
      <![CDATA[org.openqa.selenium.remote.SessionNotFoundException: 
Command duration or timeout: 4 milliseconds
Build info: version: '2.42.2', revision: '6a6995d31c7c56c340d6f45a76976d43506cd6cc', time: '2014-06-03 10:52:47'
System info: host: 'chinaskindeiMac.local', ip: '192.168.145.165', os.name: 'Mac OS X', os.arch: 'x86_64', os.version: '10.11.3', java.version: '1.8.0_51'
Driver info: io.appium.java_client.android.AndroidDriver
Capabilities [{app=/Users/chinaskin/Desktop/yueniapp-YN_TEST-x86-debug.apk, networkConnectionEnabled=true, noReset=true, warnings={}, app-package=null, app-activity=null, databaseEnabled=false, deviceName=emulator-5554, platform=LINUX, desired={app=/Users/chinaskin/Desktop/yueniapp-YN_TEST-x86-debug.apk, noReset=true, platformVersion=4.4, app-package=null, app-activity=null, unicodeKeyboard=true, platformName=Android, deviceName=emulator-5554, resetKeyboard=true}, platformVersion=6.0, webStorageEnabled=false, locationContextEnabled=false, browserName=Android, takesScreenshot=true, javascriptEnabled=true, unicodeKeyboard=true, platformName=Android, resetKeyboard=true}]
Session ID: 6bbffa36-8bca-46a7-a0f7-6e29aedc216e
	at org.openqa.selenium.remote.ErrorHandler.createThrowable(ErrorHandler.java:204)
	at org.openqa.selenium.remote.ErrorHandler.throwIfResponseFailed(ErrorHandler.java:162)
	at org.openqa.selenium.remote.RemoteWebDriver.execute(RemoteWebDriver.java:599)
	at io.appium.java_client.AppiumDriver.execute(AppiumDriver.java:180)
	at io.appium.java_client.AppiumDriver.execute(AppiumDriver.java:185)
	at org.openqa.selenium.remote.RemoteWebDriver.getScreenshotAs(RemoteWebDriver.java:324)
	at net.wanghaifeng.com.PublicStaticMethod.captureScreenShot(PublicStaticMethod.java:133)
	at net.wanghaifeng.com.TestDriverAndroid.afterMethod(TestDriverAndroid.java:112)
... Removed 29 stack frames]]>
    </failure>
  </testcase> <!-- @AfterMethod afterMethod -->
  <testcase name="@AfterClass ResetTestApplication" time="0.0" classname="test10.yueni.android.myprofile.Test07SystemSettingPage">
    <skipped/>
  </testcase> <!-- @AfterClass ResetTestApplication -->
  <testcase name="@AfterTest TestFir03stRunCompareLogFileTest" time="0.0" classname="test06.yueni.android.base.Test00AutoTestBase">
    <skipped/>
  </testcase> <!-- @AfterTest TestFir03stRunCompareLogFileTest -->
  <testcase name="TestFir01stInitTestData" time="0.329" classname="test06.yueni.android.base.Test00AutoTestBase"/>
  <testcase name="TestFir02stInitTestApp" time="5.929" classname="test06.yueni.android.base.Test00AutoTestBase"/>
  <testcase name="TestFir01stClickMobileRegisterButton" time="8.485" classname="test10.yueni.android.myprofile.Test09UserRegisterPage"/>
  <testcase name="TestFir02stClickGetVerificationCode" time="26.055" classname="test10.yueni.android.myprofile.Test09UserRegisterPage"/>
  <testcase name="TestFir03stClickSelectUserFace" time="0.28" classname="test10.yueni.android.myprofile.Test09UserRegisterPage"/>
  <testcase name="TestFir05stClickSelectAnPhoto" time="1.151" classname="test10.yueni.android.myprofile.Test09UserRegisterPage"/>
  <testcase name="TestFir06stClickAfterSelectPhotoToClickNext" time="1.686" classname="test10.yueni.android.myprofile.Test09UserRegisterPage"/>
  <testcase name="TestFir07stClickSaveUserRigister" time="11.348" classname="test10.yueni.android.myprofile.Test09UserRegisterPage"/>
  <testcase name="TestFir01stClickExperience" time="16.101" classname="test10.yueni.android.myprofile.Test05MyProfilePage"/>
  <testcase name="TestFir02stClickOpenUpgraderRule" time="8.161" classname="test10.yueni.android.myprofile.Test05MyProfilePage"/>
  <testcase name="TestFir03stClickSetMyAddress" time="5.54" classname="test10.yueni.android.myprofile.Test05MyProfilePage">
    <failure type="java.lang.AssertionError" message="查看元素失败，无法进行click操作">
      <![CDATA[java.lang.AssertionError: 查看元素失败，无法进行click操作
	at net.wanghaifeng.page.android.Android05MyProfilePage.clickOpenSetMyAddress(Android05MyProfilePage.java:57)
	at test10.yueni.android.myprofile.Test05MyProfilePage.TestFir03stClickSetMyAddress(Test05MyProfilePage.java:39)
... Removed 25 stack frames]]>
    </failure>
  </testcase> <!-- TestFir03stClickSetMyAddress -->
  <testcase name="TestFir04stClickBandingNum" time="3.98" classname="test10.yueni.android.myprofile.Test05MyProfilePage"/>
  <testcase name="TestFir05stClickMenstruationAssistant" time="4.79" classname="test10.yueni.android.myprofile.Test05MyProfilePage"/>
  <testcase name="TestFir07stClickMySubscribe" time="5.78" classname="test10.yueni.android.myprofile.Test05MyProfilePage">
    <failure type="java.lang.AssertionError" message="查看元素失败，无法进行click操作">
      <![CDATA[java.lang.AssertionError: 查看元素失败，无法进行click操作
	at net.wanghaifeng.page.android.Android05MyProfilePage.clickOpenMySubscribeTags(Android05MyProfilePage.java:109)
	at test10.yueni.android.myprofile.Test05MyProfilePage.TestFir07stClickMySubscribe(Test05MyProfilePage.java:63)
... Removed 25 stack frames]]>
    </failure>
  </testcase> <!-- TestFir07stClickMySubscribe -->
  <testcase name="TestFir08stClickMyCollection" time="4.791" classname="test10.yueni.android.myprofile.Test05MyProfilePage"/>
  <testcase name="TestFir09stClickBindSocailPlatform" time="4.476" classname="test10.yueni.android.myprofile.Test05MyProfilePage"/>
  <testcase name="TestFir10stClickSystemSettingPage" time="3.987" classname="test10.yueni.android.myprofile.Test05MyProfilePage"/>
  <testcase name="TestFir11stClickTestAfterMethod" time="0.0" classname="test10.yueni.android.myprofile.Test05MyProfilePage">
    <failure type="java.lang.AssertionError" message="expected:&amp;lt;1&amp;gt; but was:&amp;lt;2&amp;gt;">
      <![CDATA[java.lang.AssertionError: expected:<1> but was:<2>
	at test10.yueni.android.myprofile.Test05MyProfilePage.TestFir11stClickTestAfterMethod(Test05MyProfilePage.java:96)
... Removed 29 stack frames]]>
    </failure>
  </testcase> <!-- TestFir11stClickTestAfterMethod -->
  <testcase name="TestFir01stAddReceivingAddress" time="0.827" classname="test10.yueni.android.myprofile.Test11ReceiveAddressPage"/>
  <testcase name="TestFir02stEditReceivingAddress" time="38.953" classname="test10.yueni.android.myprofile.Test11ReceiveAddressPage">
    <failure type="java.lang.AssertionError" message="查看元素失败，无法进行click操作">
      <![CDATA[java.lang.AssertionError: 查看元素失败，无法进行click操作
	at net.wanghaifeng.page.android.Android11ReceiveAddressPage.clickSaveButton(Android11ReceiveAddressPage.java:124)
	at test10.yueni.android.myprofile.Test11ReceiveAddressPage.TestFir02stEditReceivingAddress(Test11ReceiveAddressPage.java:38)
... Removed 25 stack frames]]>
    </failure>
  </testcase> <!-- TestFir02stEditReceivingAddress -->
  <testcase name="TestFir01stClickEveryDaySign" time="4.014" classname="test10.yueni.android.myprofile.Test06UserCenterPage"/>
  <testcase name="TestFir02stClickAttentionButton" time="4.371" classname="test10.yueni.android.myprofile.Test06UserCenterPage"/>
  <testcase name="TestFir03stClickFollowerButton" time="5.701" classname="test10.yueni.android.myprofile.Test06UserCenterPage">
    <failure type="java.lang.AssertionError" message="查看元素失败，无法进行click操作">
      <![CDATA[java.lang.AssertionError: 查看元素失败，无法进行click操作
	at net.wanghaifeng.page.android.Android06UserCenterPage.clickFollowerButton(Android06UserCenterPage.java:95)
	at test10.yueni.android.myprofile.Test06UserCenterPage.TestFir03stClickFollowerButton(Test06UserCenterPage.java:38)
... Removed 25 stack frames]]>
    </failure>
  </testcase> <!-- TestFir03stClickFollowerButton -->
  <testcase name="TestFir04stClickPostButton" time="4.304" classname="test10.yueni.android.myprofile.Test06UserCenterPage"/>
  <testcase name="TestFir05stClickEditUserInfoButton" time="3.948" classname="test10.yueni.android.myprofile.Test06UserCenterPage"/>
  <testcase name="TestFir06stClickOpenUserCenterPage" time="1.071" classname="test10.yueni.android.myprofile.Test06UserCenterPage"/>
  <testcase name="TestFir07stClickUserCenterAttentionButton" time="1.007" classname="test10.yueni.android.myprofile.Test06UserCenterPage"/>
  <testcase name="TestFir08stClickUserCenterAttentionList" time="5.552" classname="test10.yueni.android.myprofile.Test06UserCenterPage"/>
  <testcase name="TestFir09stClickUserCenterFollowerButton" time="5.61" classname="test10.yueni.android.myprofile.Test06UserCenterPage">
    <failure type="java.lang.AssertionError" message="查看元素失败，无法进行click操作">
      <![CDATA[java.lang.AssertionError: 查看元素失败，无法进行click操作
	at net.wanghaifeng.page.android.Android06UserCenterPage.clickUserCenterFollowerButton(Android06UserCenterPage.java:178)
	at test10.yueni.android.myprofile.Test06UserCenterPage.TestFir09stClickUserCenterFollowerButton(Test06UserCenterPage.java:82)
... Removed 25 stack frames]]>
    </failure>
  </testcase> <!-- TestFir09stClickUserCenterFollowerButton -->
  <testcase name="TestFir10stClickUserCenterFollowerList" time="5.397" classname="test10.yueni.android.myprofile.Test06UserCenterPage"/>
  <testcase name="TestFir11stClickMyFansUserFace" time="5.548" classname="test10.yueni.android.myprofile.Test06UserCenterPage">
    <failure type="java.lang.AssertionError" message="查看元素失败，无法进行click操作">
      <![CDATA[java.lang.AssertionError: 查看元素失败，无法进行click操作
	at net.wanghaifeng.page.android.Android06UserCenterPage.clickLookUserFansPhoto(Android06UserCenterPage.java:222)
	at test10.yueni.android.myprofile.Test06UserCenterPage.TestFir11stClickMyFansUserFace(Test06UserCenterPage.java:96)
... Removed 25 stack frames]]>
    </failure>
  </testcase> <!-- TestFir11stClickMyFansUserFace -->
  <testcase name="TestFir12stClickAttentionMyFans" time="5.233" classname="test10.yueni.android.myprofile.Test06UserCenterPage">
    <failure type="java.lang.AssertionError" message="查看元素失败，无法进行click操作">
      <![CDATA[java.lang.AssertionError: 查看元素失败，无法进行click操作
	at net.wanghaifeng.page.android.Android06UserCenterPage.clickAttensionOthersUsers(Android06UserCenterPage.java:208)
	at test10.yueni.android.myprofile.Test06UserCenterPage.TestFir12stClickAttentionMyFans(Test06UserCenterPage.java:102)
... Removed 25 stack frames]]>
    </failure>
  </testcase> <!-- TestFir12stClickAttentionMyFans -->
  <testcase name="TestFir13stClickUserCenterEditUserInfoButton" time="5.221" classname="test10.yueni.android.myprofile.Test06UserCenterPage">
    <failure type="java.lang.AssertionError" message="查看元素失败，无法进行click操作">
      <![CDATA[java.lang.AssertionError: 查看元素失败，无法进行click操作
	at net.wanghaifeng.page.android.Android06UserCenterPage.clickUserCenterEditUserInfoButton(Android06UserCenterPage.java:133)
	at test10.yueni.android.myprofile.Test06UserCenterPage.TestFir13stClickUserCenterEditUserInfoButton(Test06UserCenterPage.java:111)
... Removed 25 stack frames]]>
    </failure>
  </testcase> <!-- TestFir13stClickUserCenterEditUserInfoButton -->
  <testcase name="TestFir14stClickTestAfterMethod" time="0.001" classname="test10.yueni.android.myprofile.Test06UserCenterPage">
    <failure type="java.lang.AssertionError" message="expected:&amp;lt;1&amp;gt; but was:&amp;lt;2&amp;gt;">
      <![CDATA[java.lang.AssertionError: expected:<1> but was:<2>
	at test10.yueni.android.myprofile.Test06UserCenterPage.TestFir14stClickTestAfterMethod(Test06UserCenterPage.java:120)
... Removed 29 stack frames]]>
    </failure>
  </testcase> <!-- TestFir14stClickTestAfterMethod -->
  <testcase name="TestFir01stClickModifyUserFace" time="0.001" classname="test10.yueni.android.myprofile.Test14EditUserInfoPage">
    <skipped/>
  </testcase> <!-- TestFir01stClickModifyUserFace -->
  <testcase name="TestFir02stClickModifyUserFace" time="0.0" classname="test10.yueni.android.myprofile.Test14EditUserInfoPage">
    <skipped/>
  </testcase> <!-- TestFir02stClickModifyUserFace -->
  <testcase name="TestFir03stClickAnPhotoFromUserAlbum" time="0.001" classname="test10.yueni.android.myprofile.Test14EditUserInfoPage">
    <skipped/>
  </testcase> <!-- TestFir03stClickAnPhotoFromUserAlbum -->
  <testcase name="TestFir04stClickAfterSelectPhotoToClickNext" time="0.001" classname="test10.yueni.android.myprofile.Test14EditUserInfoPage">
    <skipped/>
  </testcase> <!-- TestFir04stClickAfterSelectPhotoToClickNext -->
  <testcase name="TestFir05stClickModifyUserNickName" time="0.0" classname="test10.yueni.android.myprofile.Test14EditUserInfoPage">
    <skipped/>
  </testcase> <!-- TestFir05stClickModifyUserNickName -->
  <testcase name="TestFir06stClickModifyUserSex" time="0.001" classname="test10.yueni.android.myprofile.Test14EditUserInfoPage">
    <skipped/>
  </testcase> <!-- TestFir06stClickModifyUserSex -->
  <testcase name="TestFir07stClickModifyUserSignature" time="0.001" classname="test10.yueni.android.myprofile.Test14EditUserInfoPage">
    <skipped/>
  </testcase> <!-- TestFir07stClickModifyUserSignature -->
  <testcase name="TestFir08stClickModifyUserAddress" time="0.001" classname="test10.yueni.android.myprofile.Test14EditUserInfoPage">
    <skipped/>
  </testcase> <!-- TestFir08stClickModifyUserAddress -->
  <testcase name="TestFir01stClickEditUserInfo" time="0.0" classname="test10.yueni.android.myprofile.Test07SystemSettingPage">
    <skipped/>
  </testcase> <!-- TestFir01stClickEditUserInfo -->
  <testcase name="TestFir02stClickModifyUserPassword" time="0.0" classname="test10.yueni.android.myprofile.Test07SystemSettingPage">
    <skipped/>
  </testcase> <!-- TestFir02stClickModifyUserPassword -->
  <testcase name="TestFir03stClickModifyUserPassword" time="0.0" classname="test10.yueni.android.myprofile.Test07SystemSettingPage">
    <skipped/>
  </testcase> <!-- TestFir03stClickModifyUserPassword -->
  <testcase name="TestFir04stClickOpenMessageCenterSet" time="0.001" classname="test10.yueni.android.myprofile.Test07SystemSettingPage">
    <skipped/>
  </testcase> <!-- TestFir04stClickOpenMessageCenterSet -->
  <testcase name="TestFir05stClickImageQualitySetting" time="0.0" classname="test10.yueni.android.myprofile.Test07SystemSettingPage">
    <skipped/>
  </testcase> <!-- TestFir05stClickImageQualitySetting -->
  <testcase name="TestFir08stClickOpenFeedback" time="0.0" classname="test10.yueni.android.myprofile.Test07SystemSettingPage">
    <skipped/>
  </testcase> <!-- TestFir08stClickOpenFeedback -->
  <testcase name="TestFir09stClickOpenFeedback" time="0.0" classname="test10.yueni.android.myprofile.Test07SystemSettingPage">
    <skipped/>
  </testcase> <!-- TestFir09stClickOpenFeedback -->
  <testcase name="TestFir10stClickOpenAboutUs" time="0.0" classname="test10.yueni.android.myprofile.Test07SystemSettingPage">
    <skipped/>
  </testcase> <!-- TestFir10stClickOpenAboutUs -->
  <testcase name="TestFir11stClickShareAppToFriend" time="0.0" classname="test10.yueni.android.myprofile.Test07SystemSettingPage">
    <skipped/>
  </testcase> <!-- TestFir11stClickShareAppToFriend -->
  <testcase name="TestFir12stClickUserExitLogout" time="0.001" classname="test10.yueni.android.myprofile.Test07SystemSettingPage">
    <skipped/>
  </testcase> <!-- TestFir12stClickUserExitLogout -->
</testsuite> <!-- AllTest -->
