<html>
<head>
<title>TestNG:  AllTest_01</title>
<link href="../testng.css" rel="stylesheet" type="text/css" />
<link href="../my-testng.css" rel="stylesheet" type="text/css" />

<style type="text/css">
.log { display: none;} 
.stack-trace { display: none;} 
</style>
<script type="text/javascript">
<!--
function flip(e) {
  current = e.style.display;
  if (current == 'block') {
    e.style.display = 'none';
    return 0;
  }
  else {
    e.style.display = 'block';
    return 1;
  }
}

function toggleBox(szDivId, elem, msg1, msg2)
{
  var res = -1;  if (document.getElementById) {
    res = flip(document.getElementById(szDivId));
  }
  else if (document.all) {
    // this is the way old msie versions work
    res = flip(document.all[szDivId]);
  }
  if(elem) {
    if(res == 0) elem.innerHTML = msg1; else elem.innerHTML = msg2;
  }

}

function toggleAllBoxes() {
  if (document.getElementsByTagName) {
    d = document.getElementsByTagName('div');
    for (i = 0; i < d.length; i++) {
      if (d[i].className == 'log') {
        flip(d[i]);
      }
    }
  }
}

// -->
</script>

</head>
<body>
<h2 align='center'>AllTest_01</h2><table border='1' align="center">
<tr>
<td>Tests passed/Failed/Skipped:</td><td>11/16/9</td>
</tr><tr>
<td>Started on:</td><td>Mon May 09 16:47:49 CST 2016</td>
</tr>
<tr><td>Total time:</td><td>396 seconds (396927 ms)</td>
</tr><tr>
<td>Included groups:</td><td></td>
</tr><tr>
<td>Excluded groups:</td><td></td>
</tr>
</table><p/>
<small><i>(Hover the method name to see the test class name)</i></small><p/>
<table width='100%' border='1' class='invocation-failed'>
<tr><td colspan='4' align='center'><b>FAILED CONFIGURATIONS</b></td></tr>
<tr><td><b>Test method</b></td>
<td width="30%"><b>Exception</b></td>
<td width="10%"><b>Time (seconds)</b></td>
<td><b>Instance</b></td>
</tr>
<tr>
<td title='test10.yueni.android.myprofile.Test07SystemSettingPage.afterMethod()'><b>afterMethod</b><br>Test class: test10.yueni.android.myprofile.Test07SystemSettingPage<br>Parameters: [TestResult name=TestFir01stClickEditUserInfo status=FAILURE method=Test07SystemSettingPage.TestFir01stClickEditUserInfo()[pri:0, instance:test10.yueni.android.myprofile.Test07SystemSettingPage@2f490758] output=<测试通过>]</td>
<td><div><pre>org.openqa.selenium.remote.SessionNotFoundException: 
Command duration or timeout: 5 milliseconds
Build info: version: &apos;2.42.2&apos;, revision: &apos;6a6995d31c7c56c340d6f45a76976d43506cd6cc&apos;, time: &apos;2014-06-03 10:52:47&apos;
System info: host: &apos;chinaskindeiMac.local&apos;, ip: &apos;192.168.145.165&apos;, os.name: &apos;Mac OS X&apos;, os.arch: &apos;x86_64&apos;, os.version: &apos;10.11.3&apos;, java.version: &apos;1.8.0_51&apos;
Driver info: io.appium.java_client.android.AndroidDriver
Capabilities [{app=/Users/chinaskin/Desktop/yueniapp-YN_TEST-x86-debug.apk, networkConnectionEnabled=true, noReset=true, warnings={}, app-package=null, app-activity=null, databaseEnabled=false, deviceName=emulator-5554, platform=LINUX, desired={app=/Users/chinaskin/Desktop/yueniapp-YN_TEST-x86-debug.apk, noReset=true, platformVersion=4.4, app-package=null, app-activity=null, unicodeKeyboard=true, platformName=Android, deviceName=emulator-5554, resetKeyboard=true}, platformVersion=6.0, webStorageEnabled=false, locationContextEnabled=false, browserName=Android, takesScreenshot=true, javascriptEnabled=true, unicodeKeyboard=true, platformName=Android, resetKeyboard=true}]
Session ID: ec9cde02-575b-4ac3-b06e-bb9bf347e975
	at org.openqa.selenium.remote.ErrorHandler.createThrowable(ErrorHandler.java:204)
	at org.openqa.selenium.remote.ErrorHandler.throwIfResponseFailed(ErrorHandler.java:162)
	at org.openqa.selenium.remote.RemoteWebDriver.execute(RemoteWebDriver.java:599)
	at io.appium.java_client.AppiumDriver.execute(AppiumDriver.java:180)
	at io.appium.java_client.AppiumDriver.execute(AppiumDriver.java:185)
	at org.openqa.selenium.remote.RemoteWebDriver.getScreenshotAs(RemoteWebDriver.java:324)
	at net.wanghaifeng.com.PublicStaticMethod.captureScreenShot(PublicStaticMethod.java:133)
	at net.wanghaifeng.com.TestDriverAndroid.afterMethod(TestDriverAndroid.java:112)
... Removed 29 stack frames</pre></div><a href='#' onClick='toggleBox("stack-trace943573036", this, "Click to show all stack frames", "Click to hide stack frames")'>Click to show all stack frames</a>
<div class='stack-trace' id='stack-trace943573036'><pre>org.openqa.selenium.remote.SessionNotFoundException: 
Command duration or timeout: 5 milliseconds
Build info: version: &apos;2.42.2&apos;, revision: &apos;6a6995d31c7c56c340d6f45a76976d43506cd6cc&apos;, time: &apos;2014-06-03 10:52:47&apos;
System info: host: &apos;chinaskindeiMac.local&apos;, ip: &apos;192.168.145.165&apos;, os.name: &apos;Mac OS X&apos;, os.arch: &apos;x86_64&apos;, os.version: &apos;10.11.3&apos;, java.version: &apos;1.8.0_51&apos;
Driver info: io.appium.java_client.android.AndroidDriver
Capabilities [{app=/Users/chinaskin/Desktop/yueniapp-YN_TEST-x86-debug.apk, networkConnectionEnabled=true, noReset=true, warnings={}, app-package=null, app-activity=null, databaseEnabled=false, deviceName=emulator-5554, platform=LINUX, desired={app=/Users/chinaskin/Desktop/yueniapp-YN_TEST-x86-debug.apk, noReset=true, platformVersion=4.4, app-package=null, app-activity=null, unicodeKeyboard=true, platformName=Android, deviceName=emulator-5554, resetKeyboard=true}, platformVersion=6.0, webStorageEnabled=false, locationContextEnabled=false, browserName=Android, takesScreenshot=true, javascriptEnabled=true, unicodeKeyboard=true, platformName=Android, resetKeyboard=true}]
Session ID: ec9cde02-575b-4ac3-b06e-bb9bf347e975
	at sun.reflect.NativeConstructorAccessorImpl.newInstance0(Native Method)
	at sun.reflect.NativeConstructorAccessorImpl.newInstance(NativeConstructorAccessorImpl.java:62)
	at sun.reflect.DelegatingConstructorAccessorImpl.newInstance(DelegatingConstructorAccessorImpl.java:45)
	at java.lang.reflect.Constructor.newInstance(Constructor.java:422)
	at org.openqa.selenium.remote.ErrorHandler.createThrowable(ErrorHandler.java:204)
	at org.openqa.selenium.remote.ErrorHandler.throwIfResponseFailed(ErrorHandler.java:162)
	at org.openqa.selenium.remote.RemoteWebDriver.execute(RemoteWebDriver.java:599)
	at io.appium.java_client.AppiumDriver.execute(AppiumDriver.java:180)
	at io.appium.java_client.AppiumDriver.execute(AppiumDriver.java:185)
	at org.openqa.selenium.remote.RemoteWebDriver.getScreenshotAs(RemoteWebDriver.java:324)
	at net.wanghaifeng.com.PublicStaticMethod.captureScreenShot(PublicStaticMethod.java:133)
	at net.wanghaifeng.com.TestDriverAndroid.afterMethod(TestDriverAndroid.java:112)
	at sun.reflect.GeneratedMethodAccessor16.invoke(Unknown Source)
	at sun.reflect.DelegatingMethodAccessorImpl.invoke(DelegatingMethodAccessorImpl.java:43)
	at java.lang.reflect.Method.invoke(Method.java:497)
	at org.testng.internal.MethodInvocationHelper.invokeMethod(MethodInvocationHelper.java:84)
	at org.testng.internal.Invoker.invokeConfigurationMethod(Invoker.java:564)
	at org.testng.internal.Invoker.invokeConfigurations(Invoker.java:213)
	at org.testng.internal.Invoker.invokeMethod(Invoker.java:786)
	at org.testng.internal.Invoker.invokeTestMethod(Invoker.java:901)
	at org.testng.internal.Invoker.invokeTestMethods(Invoker.java:1231)
	at org.testng.internal.TestMethodWorker.invokeTestMethods(TestMethodWorker.java:127)
	at org.testng.internal.TestMethodWorker.run(TestMethodWorker.java:111)
	at org.testng.TestRunner.privateRun(TestRunner.java:767)
	at org.testng.TestRunner.run(TestRunner.java:617)
	at org.testng.SuiteRunner.runTest(SuiteRunner.java:334)
	at org.testng.SuiteRunner.runSequentially(SuiteRunner.java:329)
	at org.testng.SuiteRunner.privateRun(SuiteRunner.java:291)
	at org.testng.SuiteRunner.run(SuiteRunner.java:240)
	at org.testng.SuiteRunnerWorker.runSuite(SuiteRunnerWorker.java:52)
	at org.testng.SuiteRunnerWorker.run(SuiteRunnerWorker.java:86)
	at org.testng.TestNG.runSuitesSequentially(TestNG.java:1224)
	at org.testng.TestNG.runSuitesLocally(TestNG.java:1149)
	at org.testng.TestNG.run(TestNG.java:1057)
	at org.testng.remote.RemoteTestNG.run(RemoteTestNG.java:111)
	at org.testng.remote.RemoteTestNG.initAndRun(RemoteTestNG.java:204)
	at org.testng.remote.RemoteTestNG.main(RemoteTestNG.java:175)
</pre></div></td>
<td>0</td>
<td>test10.yueni.android.myprofile.Test07SystemSettingPage@2f490758</td></tr>
<tr>
<td title='test10.yueni.android.myprofile.Test07SystemSettingPage.afterMethod()'><b>afterMethod</b><br>Test class: test10.yueni.android.myprofile.Test07SystemSettingPage<br>Parameters: [TestResult name=TestFir02stClickModifyUserPassword status=SKIP method=Test07SystemSettingPage.TestFir02stClickModifyUserPassword()[pri:0, instance:test10.yueni.android.myprofile.Test07SystemSettingPage@2f490758] output={null}]</td>
<td><div><pre>org.openqa.selenium.remote.SessionNotFoundException: 
Command duration or timeout: 5 milliseconds
Build info: version: &apos;2.42.2&apos;, revision: &apos;6a6995d31c7c56c340d6f45a76976d43506cd6cc&apos;, time: &apos;2014-06-03 10:52:47&apos;
System info: host: &apos;chinaskindeiMac.local&apos;, ip: &apos;192.168.145.165&apos;, os.name: &apos;Mac OS X&apos;, os.arch: &apos;x86_64&apos;, os.version: &apos;10.11.3&apos;, java.version: &apos;1.8.0_51&apos;
Driver info: io.appium.java_client.android.AndroidDriver
Capabilities [{app=/Users/chinaskin/Desktop/yueniapp-YN_TEST-x86-debug.apk, networkConnectionEnabled=true, noReset=true, warnings={}, app-package=null, app-activity=null, databaseEnabled=false, deviceName=emulator-5554, platform=LINUX, desired={app=/Users/chinaskin/Desktop/yueniapp-YN_TEST-x86-debug.apk, noReset=true, platformVersion=4.4, app-package=null, app-activity=null, unicodeKeyboard=true, platformName=Android, deviceName=emulator-5554, resetKeyboard=true}, platformVersion=6.0, webStorageEnabled=false, locationContextEnabled=false, browserName=Android, takesScreenshot=true, javascriptEnabled=true, unicodeKeyboard=true, platformName=Android, resetKeyboard=true}]
Session ID: ec9cde02-575b-4ac3-b06e-bb9bf347e975
	at org.openqa.selenium.remote.ErrorHandler.createThrowable(ErrorHandler.java:204)
	at org.openqa.selenium.remote.ErrorHandler.throwIfResponseFailed(ErrorHandler.java:162)
	at org.openqa.selenium.remote.RemoteWebDriver.execute(RemoteWebDriver.java:599)
	at io.appium.java_client.AppiumDriver.execute(AppiumDriver.java:180)
	at io.appium.java_client.AppiumDriver.execute(AppiumDriver.java:185)
	at org.openqa.selenium.remote.RemoteWebDriver.getScreenshotAs(RemoteWebDriver.java:324)
	at net.wanghaifeng.com.PublicStaticMethod.captureScreenShot(PublicStaticMethod.java:133)
	at net.wanghaifeng.com.TestDriverAndroid.afterMethod(TestDriverAndroid.java:112)
... Removed 29 stack frames</pre></div><a href='#' onClick='toggleBox("stack-trace2029680286", this, "Click to show all stack frames", "Click to hide stack frames")'>Click to show all stack frames</a>
<div class='stack-trace' id='stack-trace2029680286'><pre>org.openqa.selenium.remote.SessionNotFoundException: 
Command duration or timeout: 5 milliseconds
Build info: version: &apos;2.42.2&apos;, revision: &apos;6a6995d31c7c56c340d6f45a76976d43506cd6cc&apos;, time: &apos;2014-06-03 10:52:47&apos;
System info: host: &apos;chinaskindeiMac.local&apos;, ip: &apos;192.168.145.165&apos;, os.name: &apos;Mac OS X&apos;, os.arch: &apos;x86_64&apos;, os.version: &apos;10.11.3&apos;, java.version: &apos;1.8.0_51&apos;
Driver info: io.appium.java_client.android.AndroidDriver
Capabilities [{app=/Users/chinaskin/Desktop/yueniapp-YN_TEST-x86-debug.apk, networkConnectionEnabled=true, noReset=true, warnings={}, app-package=null, app-activity=null, databaseEnabled=false, deviceName=emulator-5554, platform=LINUX, desired={app=/Users/chinaskin/Desktop/yueniapp-YN_TEST-x86-debug.apk, noReset=true, platformVersion=4.4, app-package=null, app-activity=null, unicodeKeyboard=true, platformName=Android, deviceName=emulator-5554, resetKeyboard=true}, platformVersion=6.0, webStorageEnabled=false, locationContextEnabled=false, browserName=Android, takesScreenshot=true, javascriptEnabled=true, unicodeKeyboard=true, platformName=Android, resetKeyboard=true}]
Session ID: ec9cde02-575b-4ac3-b06e-bb9bf347e975
	at sun.reflect.NativeConstructorAccessorImpl.newInstance0(Native Method)
	at sun.reflect.NativeConstructorAccessorImpl.newInstance(NativeConstructorAccessorImpl.java:62)
	at sun.reflect.DelegatingConstructorAccessorImpl.newInstance(DelegatingConstructorAccessorImpl.java:45)
	at java.lang.reflect.Constructor.newInstance(Constructor.java:422)
	at org.openqa.selenium.remote.ErrorHandler.createThrowable(ErrorHandler.java:204)
	at org.openqa.selenium.remote.ErrorHandler.throwIfResponseFailed(ErrorHandler.java:162)
	at org.openqa.selenium.remote.RemoteWebDriver.execute(RemoteWebDriver.java:599)
	at io.appium.java_client.AppiumDriver.execute(AppiumDriver.java:180)
	at io.appium.java_client.AppiumDriver.execute(AppiumDriver.java:185)
	at org.openqa.selenium.remote.RemoteWebDriver.getScreenshotAs(RemoteWebDriver.java:324)
	at net.wanghaifeng.com.PublicStaticMethod.captureScreenShot(PublicStaticMethod.java:133)
	at net.wanghaifeng.com.TestDriverAndroid.afterMethod(TestDriverAndroid.java:112)
	at sun.reflect.GeneratedMethodAccessor16.invoke(Unknown Source)
	at sun.reflect.DelegatingMethodAccessorImpl.invoke(DelegatingMethodAccessorImpl.java:43)
	at java.lang.reflect.Method.invoke(Method.java:497)
	at org.testng.internal.MethodInvocationHelper.invokeMethod(MethodInvocationHelper.java:84)
	at org.testng.internal.Invoker.invokeConfigurationMethod(Invoker.java:564)
	at org.testng.internal.Invoker.invokeConfigurations(Invoker.java:213)
	at org.testng.internal.Invoker.invokeMethod(Invoker.java:786)
	at org.testng.internal.Invoker.invokeTestMethod(Invoker.java:901)
	at org.testng.internal.Invoker.invokeTestMethods(Invoker.java:1231)
	at org.testng.internal.TestMethodWorker.invokeTestMethods(TestMethodWorker.java:127)
	at org.testng.internal.TestMethodWorker.run(TestMethodWorker.java:111)
	at org.testng.TestRunner.privateRun(TestRunner.java:767)
	at org.testng.TestRunner.run(TestRunner.java:617)
	at org.testng.SuiteRunner.runTest(SuiteRunner.java:334)
	at org.testng.SuiteRunner.runSequentially(SuiteRunner.java:329)
	at org.testng.SuiteRunner.privateRun(SuiteRunner.java:291)
	at org.testng.SuiteRunner.run(SuiteRunner.java:240)
	at org.testng.SuiteRunnerWorker.runSuite(SuiteRunnerWorker.java:52)
	at org.testng.SuiteRunnerWorker.run(SuiteRunnerWorker.java:86)
	at org.testng.TestNG.runSuitesSequentially(TestNG.java:1224)
	at org.testng.TestNG.runSuitesLocally(TestNG.java:1149)
	at org.testng.TestNG.run(TestNG.java:1057)
	at org.testng.remote.RemoteTestNG.run(RemoteTestNG.java:111)
	at org.testng.remote.RemoteTestNG.initAndRun(RemoteTestNG.java:204)
	at org.testng.remote.RemoteTestNG.main(RemoteTestNG.java:175)
</pre></div></td>
<td>0</td>
<td>test10.yueni.android.myprofile.Test07SystemSettingPage@2f490758</td></tr>
<tr>
<td title='test10.yueni.android.myprofile.Test07SystemSettingPage.afterMethod()'><b>afterMethod</b><br>Test class: test10.yueni.android.myprofile.Test07SystemSettingPage<br>Parameters: [TestResult name=TestFir03stClickModifyUserPassword status=SKIP method=Test07SystemSettingPage.TestFir03stClickModifyUserPassword()[pri:0, instance:test10.yueni.android.myprofile.Test07SystemSettingPage@2f490758] output={null}]</td>
<td><div><pre>org.openqa.selenium.remote.SessionNotFoundException: 
Command duration or timeout: 3 milliseconds
Build info: version: &apos;2.42.2&apos;, revision: &apos;6a6995d31c7c56c340d6f45a76976d43506cd6cc&apos;, time: &apos;2014-06-03 10:52:47&apos;
System info: host: &apos;chinaskindeiMac.local&apos;, ip: &apos;192.168.145.165&apos;, os.name: &apos;Mac OS X&apos;, os.arch: &apos;x86_64&apos;, os.version: &apos;10.11.3&apos;, java.version: &apos;1.8.0_51&apos;
Driver info: io.appium.java_client.android.AndroidDriver
Capabilities [{app=/Users/chinaskin/Desktop/yueniapp-YN_TEST-x86-debug.apk, networkConnectionEnabled=true, noReset=true, warnings={}, app-package=null, app-activity=null, databaseEnabled=false, deviceName=emulator-5554, platform=LINUX, desired={app=/Users/chinaskin/Desktop/yueniapp-YN_TEST-x86-debug.apk, noReset=true, platformVersion=4.4, app-package=null, app-activity=null, unicodeKeyboard=true, platformName=Android, deviceName=emulator-5554, resetKeyboard=true}, platformVersion=6.0, webStorageEnabled=false, locationContextEnabled=false, browserName=Android, takesScreenshot=true, javascriptEnabled=true, unicodeKeyboard=true, platformName=Android, resetKeyboard=true}]
Session ID: ec9cde02-575b-4ac3-b06e-bb9bf347e975
	at org.openqa.selenium.remote.ErrorHandler.createThrowable(ErrorHandler.java:204)
	at org.openqa.selenium.remote.ErrorHandler.throwIfResponseFailed(ErrorHandler.java:162)
	at org.openqa.selenium.remote.RemoteWebDriver.execute(RemoteWebDriver.java:599)
	at io.appium.java_client.AppiumDriver.execute(AppiumDriver.java:180)
	at io.appium.java_client.AppiumDriver.execute(AppiumDriver.java:185)
	at org.openqa.selenium.remote.RemoteWebDriver.getScreenshotAs(RemoteWebDriver.java:324)
	at net.wanghaifeng.com.PublicStaticMethod.captureScreenShot(PublicStaticMethod.java:133)
	at net.wanghaifeng.com.TestDriverAndroid.afterMethod(TestDriverAndroid.java:112)
... Removed 29 stack frames</pre></div><a href='#' onClick='toggleBox("stack-trace1650813924", this, "Click to show all stack frames", "Click to hide stack frames")'>Click to show all stack frames</a>
<div class='stack-trace' id='stack-trace1650813924'><pre>org.openqa.selenium.remote.SessionNotFoundException: 
Command duration or timeout: 3 milliseconds
Build info: version: &apos;2.42.2&apos;, revision: &apos;6a6995d31c7c56c340d6f45a76976d43506cd6cc&apos;, time: &apos;2014-06-03 10:52:47&apos;
System info: host: &apos;chinaskindeiMac.local&apos;, ip: &apos;192.168.145.165&apos;, os.name: &apos;Mac OS X&apos;, os.arch: &apos;x86_64&apos;, os.version: &apos;10.11.3&apos;, java.version: &apos;1.8.0_51&apos;
Driver info: io.appium.java_client.android.AndroidDriver
Capabilities [{app=/Users/chinaskin/Desktop/yueniapp-YN_TEST-x86-debug.apk, networkConnectionEnabled=true, noReset=true, warnings={}, app-package=null, app-activity=null, databaseEnabled=false, deviceName=emulator-5554, platform=LINUX, desired={app=/Users/chinaskin/Desktop/yueniapp-YN_TEST-x86-debug.apk, noReset=true, platformVersion=4.4, app-package=null, app-activity=null, unicodeKeyboard=true, platformName=Android, deviceName=emulator-5554, resetKeyboard=true}, platformVersion=6.0, webStorageEnabled=false, locationContextEnabled=false, browserName=Android, takesScreenshot=true, javascriptEnabled=true, unicodeKeyboard=true, platformName=Android, resetKeyboard=true}]
Session ID: ec9cde02-575b-4ac3-b06e-bb9bf347e975
	at sun.reflect.NativeConstructorAccessorImpl.newInstance0(Native Method)
	at sun.reflect.NativeConstructorAccessorImpl.newInstance(NativeConstructorAccessorImpl.java:62)
	at sun.reflect.DelegatingConstructorAccessorImpl.newInstance(DelegatingConstructorAccessorImpl.java:45)
	at java.lang.reflect.Constructor.newInstance(Constructor.java:422)
	at org.openqa.selenium.remote.ErrorHandler.createThrowable(ErrorHandler.java:204)
	at org.openqa.selenium.remote.ErrorHandler.throwIfResponseFailed(ErrorHandler.java:162)
	at org.openqa.selenium.remote.RemoteWebDriver.execute(RemoteWebDriver.java:599)
	at io.appium.java_client.AppiumDriver.execute(AppiumDriver.java:180)
	at io.appium.java_client.AppiumDriver.execute(AppiumDriver.java:185)
	at org.openqa.selenium.remote.RemoteWebDriver.getScreenshotAs(RemoteWebDriver.java:324)
	at net.wanghaifeng.com.PublicStaticMethod.captureScreenShot(PublicStaticMethod.java:133)
	at net.wanghaifeng.com.TestDriverAndroid.afterMethod(TestDriverAndroid.java:112)
	at sun.reflect.GeneratedMethodAccessor16.invoke(Unknown Source)
	at sun.reflect.DelegatingMethodAccessorImpl.invoke(DelegatingMethodAccessorImpl.java:43)
	at java.lang.reflect.Method.invoke(Method.java:497)
	at org.testng.internal.MethodInvocationHelper.invokeMethod(MethodInvocationHelper.java:84)
	at org.testng.internal.Invoker.invokeConfigurationMethod(Invoker.java:564)
	at org.testng.internal.Invoker.invokeConfigurations(Invoker.java:213)
	at org.testng.internal.Invoker.invokeMethod(Invoker.java:786)
	at org.testng.internal.Invoker.invokeTestMethod(Invoker.java:901)
	at org.testng.internal.Invoker.invokeTestMethods(Invoker.java:1231)
	at org.testng.internal.TestMethodWorker.invokeTestMethods(TestMethodWorker.java:127)
	at org.testng.internal.TestMethodWorker.run(TestMethodWorker.java:111)
	at org.testng.TestRunner.privateRun(TestRunner.java:767)
	at org.testng.TestRunner.run(TestRunner.java:617)
	at org.testng.SuiteRunner.runTest(SuiteRunner.java:334)
	at org.testng.SuiteRunner.runSequentially(SuiteRunner.java:329)
	at org.testng.SuiteRunner.privateRun(SuiteRunner.java:291)
	at org.testng.SuiteRunner.run(SuiteRunner.java:240)
	at org.testng.SuiteRunnerWorker.runSuite(SuiteRunnerWorker.java:52)
	at org.testng.SuiteRunnerWorker.run(SuiteRunnerWorker.java:86)
	at org.testng.TestNG.runSuitesSequentially(TestNG.java:1224)
	at org.testng.TestNG.runSuitesLocally(TestNG.java:1149)
	at org.testng.TestNG.run(TestNG.java:1057)
	at org.testng.remote.RemoteTestNG.run(RemoteTestNG.java:111)
	at org.testng.remote.RemoteTestNG.initAndRun(RemoteTestNG.java:204)
	at org.testng.remote.RemoteTestNG.main(RemoteTestNG.java:175)
</pre></div></td>
<td>0</td>
<td>test10.yueni.android.myprofile.Test07SystemSettingPage@2f490758</td></tr>
<tr>
<td title='test10.yueni.android.myprofile.Test07SystemSettingPage.afterMethod()'><b>afterMethod</b><br>Test class: test10.yueni.android.myprofile.Test07SystemSettingPage<br>Parameters: [TestResult name=TestFir04stClickOpenMessageCenterSet status=SKIP method=Test07SystemSettingPage.TestFir04stClickOpenMessageCenterSet()[pri:0, instance:test10.yueni.android.myprofile.Test07SystemSettingPage@2f490758] output={null}]</td>
<td><div><pre>org.openqa.selenium.remote.SessionNotFoundException: 
Command duration or timeout: 4 milliseconds
Build info: version: &apos;2.42.2&apos;, revision: &apos;6a6995d31c7c56c340d6f45a76976d43506cd6cc&apos;, time: &apos;2014-06-03 10:52:47&apos;
System info: host: &apos;chinaskindeiMac.local&apos;, ip: &apos;192.168.145.165&apos;, os.name: &apos;Mac OS X&apos;, os.arch: &apos;x86_64&apos;, os.version: &apos;10.11.3&apos;, java.version: &apos;1.8.0_51&apos;
Driver info: io.appium.java_client.android.AndroidDriver
Capabilities [{app=/Users/chinaskin/Desktop/yueniapp-YN_TEST-x86-debug.apk, networkConnectionEnabled=true, noReset=true, warnings={}, app-package=null, app-activity=null, databaseEnabled=false, deviceName=emulator-5554, platform=LINUX, desired={app=/Users/chinaskin/Desktop/yueniapp-YN_TEST-x86-debug.apk, noReset=true, platformVersion=4.4, app-package=null, app-activity=null, unicodeKeyboard=true, platformName=Android, deviceName=emulator-5554, resetKeyboard=true}, platformVersion=6.0, webStorageEnabled=false, locationContextEnabled=false, browserName=Android, takesScreenshot=true, javascriptEnabled=true, unicodeKeyboard=true, platformName=Android, resetKeyboard=true}]
Session ID: ec9cde02-575b-4ac3-b06e-bb9bf347e975
	at org.openqa.selenium.remote.ErrorHandler.createThrowable(ErrorHandler.java:204)
	at org.openqa.selenium.remote.ErrorHandler.throwIfResponseFailed(ErrorHandler.java:162)
	at org.openqa.selenium.remote.RemoteWebDriver.execute(RemoteWebDriver.java:599)
	at io.appium.java_client.AppiumDriver.execute(AppiumDriver.java:180)
	at io.appium.java_client.AppiumDriver.execute(AppiumDriver.java:185)
	at org.openqa.selenium.remote.RemoteWebDriver.getScreenshotAs(RemoteWebDriver.java:324)
	at net.wanghaifeng.com.PublicStaticMethod.captureScreenShot(PublicStaticMethod.java:133)
	at net.wanghaifeng.com.TestDriverAndroid.afterMethod(TestDriverAndroid.java:112)
... Removed 29 stack frames</pre></div><a href='#' onClick='toggleBox("stack-trace1204296383", this, "Click to show all stack frames", "Click to hide stack frames")'>Click to show all stack frames</a>
<div class='stack-trace' id='stack-trace1204296383'><pre>org.openqa.selenium.remote.SessionNotFoundException: 
Command duration or timeout: 4 milliseconds
Build info: version: &apos;2.42.2&apos;, revision: &apos;6a6995d31c7c56c340d6f45a76976d43506cd6cc&apos;, time: &apos;2014-06-03 10:52:47&apos;
System info: host: &apos;chinaskindeiMac.local&apos;, ip: &apos;192.168.145.165&apos;, os.name: &apos;Mac OS X&apos;, os.arch: &apos;x86_64&apos;, os.version: &apos;10.11.3&apos;, java.version: &apos;1.8.0_51&apos;
Driver info: io.appium.java_client.android.AndroidDriver
Capabilities [{app=/Users/chinaskin/Desktop/yueniapp-YN_TEST-x86-debug.apk, networkConnectionEnabled=true, noReset=true, warnings={}, app-package=null, app-activity=null, databaseEnabled=false, deviceName=emulator-5554, platform=LINUX, desired={app=/Users/chinaskin/Desktop/yueniapp-YN_TEST-x86-debug.apk, noReset=true, platformVersion=4.4, app-package=null, app-activity=null, unicodeKeyboard=true, platformName=Android, deviceName=emulator-5554, resetKeyboard=true}, platformVersion=6.0, webStorageEnabled=false, locationContextEnabled=false, browserName=Android, takesScreenshot=true, javascriptEnabled=true, unicodeKeyboard=true, platformName=Android, resetKeyboard=true}]
Session ID: ec9cde02-575b-4ac3-b06e-bb9bf347e975
	at sun.reflect.NativeConstructorAccessorImpl.newInstance0(Native Method)
	at sun.reflect.NativeConstructorAccessorImpl.newInstance(NativeConstructorAccessorImpl.java:62)
	at sun.reflect.DelegatingConstructorAccessorImpl.newInstance(DelegatingConstructorAccessorImpl.java:45)
	at java.lang.reflect.Constructor.newInstance(Constructor.java:422)
	at org.openqa.selenium.remote.ErrorHandler.createThrowable(ErrorHandler.java:204)
	at org.openqa.selenium.remote.ErrorHandler.throwIfResponseFailed(ErrorHandler.java:162)
	at org.openqa.selenium.remote.RemoteWebDriver.execute(RemoteWebDriver.java:599)
	at io.appium.java_client.AppiumDriver.execute(AppiumDriver.java:180)
	at io.appium.java_client.AppiumDriver.execute(AppiumDriver.java:185)
	at org.openqa.selenium.remote.RemoteWebDriver.getScreenshotAs(RemoteWebDriver.java:324)
	at net.wanghaifeng.com.PublicStaticMethod.captureScreenShot(PublicStaticMethod.java:133)
	at net.wanghaifeng.com.TestDriverAndroid.afterMethod(TestDriverAndroid.java:112)
	at sun.reflect.GeneratedMethodAccessor16.invoke(Unknown Source)
	at sun.reflect.DelegatingMethodAccessorImpl.invoke(DelegatingMethodAccessorImpl.java:43)
	at java.lang.reflect.Method.invoke(Method.java:497)
	at org.testng.internal.MethodInvocationHelper.invokeMethod(MethodInvocationHelper.java:84)
	at org.testng.internal.Invoker.invokeConfigurationMethod(Invoker.java:564)
	at org.testng.internal.Invoker.invokeConfigurations(Invoker.java:213)
	at org.testng.internal.Invoker.invokeMethod(Invoker.java:786)
	at org.testng.internal.Invoker.invokeTestMethod(Invoker.java:901)
	at org.testng.internal.Invoker.invokeTestMethods(Invoker.java:1231)
	at org.testng.internal.TestMethodWorker.invokeTestMethods(TestMethodWorker.java:127)
	at org.testng.internal.TestMethodWorker.run(TestMethodWorker.java:111)
	at org.testng.TestRunner.privateRun(TestRunner.java:767)
	at org.testng.TestRunner.run(TestRunner.java:617)
	at org.testng.SuiteRunner.runTest(SuiteRunner.java:334)
	at org.testng.SuiteRunner.runSequentially(SuiteRunner.java:329)
	at org.testng.SuiteRunner.privateRun(SuiteRunner.java:291)
	at org.testng.SuiteRunner.run(SuiteRunner.java:240)
	at org.testng.SuiteRunnerWorker.runSuite(SuiteRunnerWorker.java:52)
	at org.testng.SuiteRunnerWorker.run(SuiteRunnerWorker.java:86)
	at org.testng.TestNG.runSuitesSequentially(TestNG.java:1224)
	at org.testng.TestNG.runSuitesLocally(TestNG.java:1149)
	at org.testng.TestNG.run(TestNG.java:1057)
	at org.testng.remote.RemoteTestNG.run(RemoteTestNG.java:111)
	at org.testng.remote.RemoteTestNG.initAndRun(RemoteTestNG.java:204)
	at org.testng.remote.RemoteTestNG.main(RemoteTestNG.java:175)
</pre></div></td>
<td>0</td>
<td>test10.yueni.android.myprofile.Test07SystemSettingPage@2f490758</td></tr>
<tr>
<td title='test10.yueni.android.myprofile.Test07SystemSettingPage.afterMethod()'><b>afterMethod</b><br>Test class: test10.yueni.android.myprofile.Test07SystemSettingPage<br>Parameters: [TestResult name=TestFir05stClickImageQualitySetting status=SKIP method=Test07SystemSettingPage.TestFir05stClickImageQualitySetting()[pri:0, instance:test10.yueni.android.myprofile.Test07SystemSettingPage@2f490758] output={null}]</td>
<td><div><pre>org.openqa.selenium.remote.SessionNotFoundException: 
Command duration or timeout: 3 milliseconds
Build info: version: &apos;2.42.2&apos;, revision: &apos;6a6995d31c7c56c340d6f45a76976d43506cd6cc&apos;, time: &apos;2014-06-03 10:52:47&apos;
System info: host: &apos;chinaskindeiMac.local&apos;, ip: &apos;192.168.145.165&apos;, os.name: &apos;Mac OS X&apos;, os.arch: &apos;x86_64&apos;, os.version: &apos;10.11.3&apos;, java.version: &apos;1.8.0_51&apos;
Driver info: io.appium.java_client.android.AndroidDriver
Capabilities [{app=/Users/chinaskin/Desktop/yueniapp-YN_TEST-x86-debug.apk, networkConnectionEnabled=true, noReset=true, warnings={}, app-package=null, app-activity=null, databaseEnabled=false, deviceName=emulator-5554, platform=LINUX, desired={app=/Users/chinaskin/Desktop/yueniapp-YN_TEST-x86-debug.apk, noReset=true, platformVersion=4.4, app-package=null, app-activity=null, unicodeKeyboard=true, platformName=Android, deviceName=emulator-5554, resetKeyboard=true}, platformVersion=6.0, webStorageEnabled=false, locationContextEnabled=false, browserName=Android, takesScreenshot=true, javascriptEnabled=true, unicodeKeyboard=true, platformName=Android, resetKeyboard=true}]
Session ID: ec9cde02-575b-4ac3-b06e-bb9bf347e975
	at org.openqa.selenium.remote.ErrorHandler.createThrowable(ErrorHandler.java:204)
	at org.openqa.selenium.remote.ErrorHandler.throwIfResponseFailed(ErrorHandler.java:162)
	at org.openqa.selenium.remote.RemoteWebDriver.execute(RemoteWebDriver.java:599)
	at io.appium.java_client.AppiumDriver.execute(AppiumDriver.java:180)
	at io.appium.java_client.AppiumDriver.execute(AppiumDriver.java:185)
	at org.openqa.selenium.remote.RemoteWebDriver.getScreenshotAs(RemoteWebDriver.java:324)
	at net.wanghaifeng.com.PublicStaticMethod.captureScreenShot(PublicStaticMethod.java:133)
	at net.wanghaifeng.com.TestDriverAndroid.afterMethod(TestDriverAndroid.java:112)
... Removed 29 stack frames</pre></div><a href='#' onClick='toggleBox("stack-trace122155649", this, "Click to show all stack frames", "Click to hide stack frames")'>Click to show all stack frames</a>
<div class='stack-trace' id='stack-trace122155649'><pre>org.openqa.selenium.remote.SessionNotFoundException: 
Command duration or timeout: 3 milliseconds
Build info: version: &apos;2.42.2&apos;, revision: &apos;6a6995d31c7c56c340d6f45a76976d43506cd6cc&apos;, time: &apos;2014-06-03 10:52:47&apos;
System info: host: &apos;chinaskindeiMac.local&apos;, ip: &apos;192.168.145.165&apos;, os.name: &apos;Mac OS X&apos;, os.arch: &apos;x86_64&apos;, os.version: &apos;10.11.3&apos;, java.version: &apos;1.8.0_51&apos;
Driver info: io.appium.java_client.android.AndroidDriver
Capabilities [{app=/Users/chinaskin/Desktop/yueniapp-YN_TEST-x86-debug.apk, networkConnectionEnabled=true, noReset=true, warnings={}, app-package=null, app-activity=null, databaseEnabled=false, deviceName=emulator-5554, platform=LINUX, desired={app=/Users/chinaskin/Desktop/yueniapp-YN_TEST-x86-debug.apk, noReset=true, platformVersion=4.4, app-package=null, app-activity=null, unicodeKeyboard=true, platformName=Android, deviceName=emulator-5554, resetKeyboard=true}, platformVersion=6.0, webStorageEnabled=false, locationContextEnabled=false, browserName=Android, takesScreenshot=true, javascriptEnabled=true, unicodeKeyboard=true, platformName=Android, resetKeyboard=true}]
Session ID: ec9cde02-575b-4ac3-b06e-bb9bf347e975
	at sun.reflect.NativeConstructorAccessorImpl.newInstance0(Native Method)
	at sun.reflect.NativeConstructorAccessorImpl.newInstance(NativeConstructorAccessorImpl.java:62)
	at sun.reflect.DelegatingConstructorAccessorImpl.newInstance(DelegatingConstructorAccessorImpl.java:45)
	at java.lang.reflect.Constructor.newInstance(Constructor.java:422)
	at org.openqa.selenium.remote.ErrorHandler.createThrowable(ErrorHandler.java:204)
	at org.openqa.selenium.remote.ErrorHandler.throwIfResponseFailed(ErrorHandler.java:162)
	at org.openqa.selenium.remote.RemoteWebDriver.execute(RemoteWebDriver.java:599)
	at io.appium.java_client.AppiumDriver.execute(AppiumDriver.java:180)
	at io.appium.java_client.AppiumDriver.execute(AppiumDriver.java:185)
	at org.openqa.selenium.remote.RemoteWebDriver.getScreenshotAs(RemoteWebDriver.java:324)
	at net.wanghaifeng.com.PublicStaticMethod.captureScreenShot(PublicStaticMethod.java:133)
	at net.wanghaifeng.com.TestDriverAndroid.afterMethod(TestDriverAndroid.java:112)
	at sun.reflect.GeneratedMethodAccessor16.invoke(Unknown Source)
	at sun.reflect.DelegatingMethodAccessorImpl.invoke(DelegatingMethodAccessorImpl.java:43)
	at java.lang.reflect.Method.invoke(Method.java:497)
	at org.testng.internal.MethodInvocationHelper.invokeMethod(MethodInvocationHelper.java:84)
	at org.testng.internal.Invoker.invokeConfigurationMethod(Invoker.java:564)
	at org.testng.internal.Invoker.invokeConfigurations(Invoker.java:213)
	at org.testng.internal.Invoker.invokeMethod(Invoker.java:786)
	at org.testng.internal.Invoker.invokeTestMethod(Invoker.java:901)
	at org.testng.internal.Invoker.invokeTestMethods(Invoker.java:1231)
	at org.testng.internal.TestMethodWorker.invokeTestMethods(TestMethodWorker.java:127)
	at org.testng.internal.TestMethodWorker.run(TestMethodWorker.java:111)
	at org.testng.TestRunner.privateRun(TestRunner.java:767)
	at org.testng.TestRunner.run(TestRunner.java:617)
	at org.testng.SuiteRunner.runTest(SuiteRunner.java:334)
	at org.testng.SuiteRunner.runSequentially(SuiteRunner.java:329)
	at org.testng.SuiteRunner.privateRun(SuiteRunner.java:291)
	at org.testng.SuiteRunner.run(SuiteRunner.java:240)
	at org.testng.SuiteRunnerWorker.runSuite(SuiteRunnerWorker.java:52)
	at org.testng.SuiteRunnerWorker.run(SuiteRunnerWorker.java:86)
	at org.testng.TestNG.runSuitesSequentially(TestNG.java:1224)
	at org.testng.TestNG.runSuitesLocally(TestNG.java:1149)
	at org.testng.TestNG.run(TestNG.java:1057)
	at org.testng.remote.RemoteTestNG.run(RemoteTestNG.java:111)
	at org.testng.remote.RemoteTestNG.initAndRun(RemoteTestNG.java:204)
	at org.testng.remote.RemoteTestNG.main(RemoteTestNG.java:175)
</pre></div></td>
<td>0</td>
<td>test10.yueni.android.myprofile.Test07SystemSettingPage@2f490758</td></tr>
<tr>
<td title='test10.yueni.android.myprofile.Test07SystemSettingPage.afterMethod()'><b>afterMethod</b><br>Test class: test10.yueni.android.myprofile.Test07SystemSettingPage<br>Parameters: [TestResult name=TestFir08stClickOpenFeedback status=SKIP method=Test07SystemSettingPage.TestFir08stClickOpenFeedback()[pri:0, instance:test10.yueni.android.myprofile.Test07SystemSettingPage@2f490758] output={null}]</td>
<td><div><pre>org.openqa.selenium.remote.SessionNotFoundException: 
Command duration or timeout: 3 milliseconds
Build info: version: &apos;2.42.2&apos;, revision: &apos;6a6995d31c7c56c340d6f45a76976d43506cd6cc&apos;, time: &apos;2014-06-03 10:52:47&apos;
System info: host: &apos;chinaskindeiMac.local&apos;, ip: &apos;192.168.145.165&apos;, os.name: &apos;Mac OS X&apos;, os.arch: &apos;x86_64&apos;, os.version: &apos;10.11.3&apos;, java.version: &apos;1.8.0_51&apos;
Driver info: io.appium.java_client.android.AndroidDriver
Capabilities [{app=/Users/chinaskin/Desktop/yueniapp-YN_TEST-x86-debug.apk, networkConnectionEnabled=true, noReset=true, warnings={}, app-package=null, app-activity=null, databaseEnabled=false, deviceName=emulator-5554, platform=LINUX, desired={app=/Users/chinaskin/Desktop/yueniapp-YN_TEST-x86-debug.apk, noReset=true, platformVersion=4.4, app-package=null, app-activity=null, unicodeKeyboard=true, platformName=Android, deviceName=emulator-5554, resetKeyboard=true}, platformVersion=6.0, webStorageEnabled=false, locationContextEnabled=false, browserName=Android, takesScreenshot=true, javascriptEnabled=true, unicodeKeyboard=true, platformName=Android, resetKeyboard=true}]
Session ID: ec9cde02-575b-4ac3-b06e-bb9bf347e975
	at org.openqa.selenium.remote.ErrorHandler.createThrowable(ErrorHandler.java:204)
	at org.openqa.selenium.remote.ErrorHandler.throwIfResponseFailed(ErrorHandler.java:162)
	at org.openqa.selenium.remote.RemoteWebDriver.execute(RemoteWebDriver.java:599)
	at io.appium.java_client.AppiumDriver.execute(AppiumDriver.java:180)
	at io.appium.java_client.AppiumDriver.execute(AppiumDriver.java:185)
	at org.openqa.selenium.remote.RemoteWebDriver.getScreenshotAs(RemoteWebDriver.java:324)
	at net.wanghaifeng.com.PublicStaticMethod.captureScreenShot(PublicStaticMethod.java:133)
	at net.wanghaifeng.com.TestDriverAndroid.afterMethod(TestDriverAndroid.java:112)
... Removed 29 stack frames</pre></div><a href='#' onClick='toggleBox("stack-trace949684105", this, "Click to show all stack frames", "Click to hide stack frames")'>Click to show all stack frames</a>
<div class='stack-trace' id='stack-trace949684105'><pre>org.openqa.selenium.remote.SessionNotFoundException: 
Command duration or timeout: 3 milliseconds
Build info: version: &apos;2.42.2&apos;, revision: &apos;6a6995d31c7c56c340d6f45a76976d43506cd6cc&apos;, time: &apos;2014-06-03 10:52:47&apos;
System info: host: &apos;chinaskindeiMac.local&apos;, ip: &apos;192.168.145.165&apos;, os.name: &apos;Mac OS X&apos;, os.arch: &apos;x86_64&apos;, os.version: &apos;10.11.3&apos;, java.version: &apos;1.8.0_51&apos;
Driver info: io.appium.java_client.android.AndroidDriver
Capabilities [{app=/Users/chinaskin/Desktop/yueniapp-YN_TEST-x86-debug.apk, networkConnectionEnabled=true, noReset=true, warnings={}, app-package=null, app-activity=null, databaseEnabled=false, deviceName=emulator-5554, platform=LINUX, desired={app=/Users/chinaskin/Desktop/yueniapp-YN_TEST-x86-debug.apk, noReset=true, platformVersion=4.4, app-package=null, app-activity=null, unicodeKeyboard=true, platformName=Android, deviceName=emulator-5554, resetKeyboard=true}, platformVersion=6.0, webStorageEnabled=false, locationContextEnabled=false, browserName=Android, takesScreenshot=true, javascriptEnabled=true, unicodeKeyboard=true, platformName=Android, resetKeyboard=true}]
Session ID: ec9cde02-575b-4ac3-b06e-bb9bf347e975
	at sun.reflect.NativeConstructorAccessorImpl.newInstance0(Native Method)
	at sun.reflect.NativeConstructorAccessorImpl.newInstance(NativeConstructorAccessorImpl.java:62)
	at sun.reflect.DelegatingConstructorAccessorImpl.newInstance(DelegatingConstructorAccessorImpl.java:45)
	at java.lang.reflect.Constructor.newInstance(Constructor.java:422)
	at org.openqa.selenium.remote.ErrorHandler.createThrowable(ErrorHandler.java:204)
	at org.openqa.selenium.remote.ErrorHandler.throwIfResponseFailed(ErrorHandler.java:162)
	at org.openqa.selenium.remote.RemoteWebDriver.execute(RemoteWebDriver.java:599)
	at io.appium.java_client.AppiumDriver.execute(AppiumDriver.java:180)
	at io.appium.java_client.AppiumDriver.execute(AppiumDriver.java:185)
	at org.openqa.selenium.remote.RemoteWebDriver.getScreenshotAs(RemoteWebDriver.java:324)
	at net.wanghaifeng.com.PublicStaticMethod.captureScreenShot(PublicStaticMethod.java:133)
	at net.wanghaifeng.com.TestDriverAndroid.afterMethod(TestDriverAndroid.java:112)
	at sun.reflect.GeneratedMethodAccessor16.invoke(Unknown Source)
	at sun.reflect.DelegatingMethodAccessorImpl.invoke(DelegatingMethodAccessorImpl.java:43)
	at java.lang.reflect.Method.invoke(Method.java:497)
	at org.testng.internal.MethodInvocationHelper.invokeMethod(MethodInvocationHelper.java:84)
	at org.testng.internal.Invoker.invokeConfigurationMethod(Invoker.java:564)
	at org.testng.internal.Invoker.invokeConfigurations(Invoker.java:213)
	at org.testng.internal.Invoker.invokeMethod(Invoker.java:786)
	at org.testng.internal.Invoker.invokeTestMethod(Invoker.java:901)
	at org.testng.internal.Invoker.invokeTestMethods(Invoker.java:1231)
	at org.testng.internal.TestMethodWorker.invokeTestMethods(TestMethodWorker.java:127)
	at org.testng.internal.TestMethodWorker.run(TestMethodWorker.java:111)
	at org.testng.TestRunner.privateRun(TestRunner.java:767)
	at org.testng.TestRunner.run(TestRunner.java:617)
	at org.testng.SuiteRunner.runTest(SuiteRunner.java:334)
	at org.testng.SuiteRunner.runSequentially(SuiteRunner.java:329)
	at org.testng.SuiteRunner.privateRun(SuiteRunner.java:291)
	at org.testng.SuiteRunner.run(SuiteRunner.java:240)
	at org.testng.SuiteRunnerWorker.runSuite(SuiteRunnerWorker.java:52)
	at org.testng.SuiteRunnerWorker.run(SuiteRunnerWorker.java:86)
	at org.testng.TestNG.runSuitesSequentially(TestNG.java:1224)
	at org.testng.TestNG.runSuitesLocally(TestNG.java:1149)
	at org.testng.TestNG.run(TestNG.java:1057)
	at org.testng.remote.RemoteTestNG.run(RemoteTestNG.java:111)
	at org.testng.remote.RemoteTestNG.initAndRun(RemoteTestNG.java:204)
	at org.testng.remote.RemoteTestNG.main(RemoteTestNG.java:175)
</pre></div></td>
<td>0</td>
<td>test10.yueni.android.myprofile.Test07SystemSettingPage@2f490758</td></tr>
<tr>
<td title='test10.yueni.android.myprofile.Test07SystemSettingPage.afterMethod()'><b>afterMethod</b><br>Test class: test10.yueni.android.myprofile.Test07SystemSettingPage<br>Parameters: [TestResult name=TestFir09stClickOpenFeedback status=SKIP method=Test07SystemSettingPage.TestFir09stClickOpenFeedback()[pri:0, instance:test10.yueni.android.myprofile.Test07SystemSettingPage@2f490758] output={null}]</td>
<td><div><pre>org.openqa.selenium.remote.SessionNotFoundException: 
Command duration or timeout: 3 milliseconds
Build info: version: &apos;2.42.2&apos;, revision: &apos;6a6995d31c7c56c340d6f45a76976d43506cd6cc&apos;, time: &apos;2014-06-03 10:52:47&apos;
System info: host: &apos;chinaskindeiMac.local&apos;, ip: &apos;192.168.145.165&apos;, os.name: &apos;Mac OS X&apos;, os.arch: &apos;x86_64&apos;, os.version: &apos;10.11.3&apos;, java.version: &apos;1.8.0_51&apos;
Driver info: io.appium.java_client.android.AndroidDriver
Capabilities [{app=/Users/chinaskin/Desktop/yueniapp-YN_TEST-x86-debug.apk, networkConnectionEnabled=true, noReset=true, warnings={}, app-package=null, app-activity=null, databaseEnabled=false, deviceName=emulator-5554, platform=LINUX, desired={app=/Users/chinaskin/Desktop/yueniapp-YN_TEST-x86-debug.apk, noReset=true, platformVersion=4.4, app-package=null, app-activity=null, unicodeKeyboard=true, platformName=Android, deviceName=emulator-5554, resetKeyboard=true}, platformVersion=6.0, webStorageEnabled=false, locationContextEnabled=false, browserName=Android, takesScreenshot=true, javascriptEnabled=true, unicodeKeyboard=true, platformName=Android, resetKeyboard=true}]
Session ID: ec9cde02-575b-4ac3-b06e-bb9bf347e975
	at org.openqa.selenium.remote.ErrorHandler.createThrowable(ErrorHandler.java:204)
	at org.openqa.selenium.remote.ErrorHandler.throwIfResponseFailed(ErrorHandler.java:162)
	at org.openqa.selenium.remote.RemoteWebDriver.execute(RemoteWebDriver.java:599)
	at io.appium.java_client.AppiumDriver.execute(AppiumDriver.java:180)
	at io.appium.java_client.AppiumDriver.execute(AppiumDriver.java:185)
	at org.openqa.selenium.remote.RemoteWebDriver.getScreenshotAs(RemoteWebDriver.java:324)
	at net.wanghaifeng.com.PublicStaticMethod.captureScreenShot(PublicStaticMethod.java:133)
	at net.wanghaifeng.com.TestDriverAndroid.afterMethod(TestDriverAndroid.java:112)
... Removed 29 stack frames</pre></div><a href='#' onClick='toggleBox("stack-trace1160649162", this, "Click to show all stack frames", "Click to hide stack frames")'>Click to show all stack frames</a>
<div class='stack-trace' id='stack-trace1160649162'><pre>org.openqa.selenium.remote.SessionNotFoundException: 
Command duration or timeout: 3 milliseconds
Build info: version: &apos;2.42.2&apos;, revision: &apos;6a6995d31c7c56c340d6f45a76976d43506cd6cc&apos;, time: &apos;2014-06-03 10:52:47&apos;
System info: host: &apos;chinaskindeiMac.local&apos;, ip: &apos;192.168.145.165&apos;, os.name: &apos;Mac OS X&apos;, os.arch: &apos;x86_64&apos;, os.version: &apos;10.11.3&apos;, java.version: &apos;1.8.0_51&apos;
Driver info: io.appium.java_client.android.AndroidDriver
Capabilities [{app=/Users/chinaskin/Desktop/yueniapp-YN_TEST-x86-debug.apk, networkConnectionEnabled=true, noReset=true, warnings={}, app-package=null, app-activity=null, databaseEnabled=false, deviceName=emulator-5554, platform=LINUX, desired={app=/Users/chinaskin/Desktop/yueniapp-YN_TEST-x86-debug.apk, noReset=true, platformVersion=4.4, app-package=null, app-activity=null, unicodeKeyboard=true, platformName=Android, deviceName=emulator-5554, resetKeyboard=true}, platformVersion=6.0, webStorageEnabled=false, locationContextEnabled=false, browserName=Android, takesScreenshot=true, javascriptEnabled=true, unicodeKeyboard=true, platformName=Android, resetKeyboard=true}]
Session ID: ec9cde02-575b-4ac3-b06e-bb9bf347e975
	at sun.reflect.NativeConstructorAccessorImpl.newInstance0(Native Method)
	at sun.reflect.NativeConstructorAccessorImpl.newInstance(NativeConstructorAccessorImpl.java:62)
	at sun.reflect.DelegatingConstructorAccessorImpl.newInstance(DelegatingConstructorAccessorImpl.java:45)
	at java.lang.reflect.Constructor.newInstance(Constructor.java:422)
	at org.openqa.selenium.remote.ErrorHandler.createThrowable(ErrorHandler.java:204)
	at org.openqa.selenium.remote.ErrorHandler.throwIfResponseFailed(ErrorHandler.java:162)
	at org.openqa.selenium.remote.RemoteWebDriver.execute(RemoteWebDriver.java:599)
	at io.appium.java_client.AppiumDriver.execute(AppiumDriver.java:180)
	at io.appium.java_client.AppiumDriver.execute(AppiumDriver.java:185)
	at org.openqa.selenium.remote.RemoteWebDriver.getScreenshotAs(RemoteWebDriver.java:324)
	at net.wanghaifeng.com.PublicStaticMethod.captureScreenShot(PublicStaticMethod.java:133)
	at net.wanghaifeng.com.TestDriverAndroid.afterMethod(TestDriverAndroid.java:112)
	at sun.reflect.GeneratedMethodAccessor16.invoke(Unknown Source)
	at sun.reflect.DelegatingMethodAccessorImpl.invoke(DelegatingMethodAccessorImpl.java:43)
	at java.lang.reflect.Method.invoke(Method.java:497)
	at org.testng.internal.MethodInvocationHelper.invokeMethod(MethodInvocationHelper.java:84)
	at org.testng.internal.Invoker.invokeConfigurationMethod(Invoker.java:564)
	at org.testng.internal.Invoker.invokeConfigurations(Invoker.java:213)
	at org.testng.internal.Invoker.invokeMethod(Invoker.java:786)
	at org.testng.internal.Invoker.invokeTestMethod(Invoker.java:901)
	at org.testng.internal.Invoker.invokeTestMethods(Invoker.java:1231)
	at org.testng.internal.TestMethodWorker.invokeTestMethods(TestMethodWorker.java:127)
	at org.testng.internal.TestMethodWorker.run(TestMethodWorker.java:111)
	at org.testng.TestRunner.privateRun(TestRunner.java:767)
	at org.testng.TestRunner.run(TestRunner.java:617)
	at org.testng.SuiteRunner.runTest(SuiteRunner.java:334)
	at org.testng.SuiteRunner.runSequentially(SuiteRunner.java:329)
	at org.testng.SuiteRunner.privateRun(SuiteRunner.java:291)
	at org.testng.SuiteRunner.run(SuiteRunner.java:240)
	at org.testng.SuiteRunnerWorker.runSuite(SuiteRunnerWorker.java:52)
	at org.testng.SuiteRunnerWorker.run(SuiteRunnerWorker.java:86)
	at org.testng.TestNG.runSuitesSequentially(TestNG.java:1224)
	at org.testng.TestNG.runSuitesLocally(TestNG.java:1149)
	at org.testng.TestNG.run(TestNG.java:1057)
	at org.testng.remote.RemoteTestNG.run(RemoteTestNG.java:111)
	at org.testng.remote.RemoteTestNG.initAndRun(RemoteTestNG.java:204)
	at org.testng.remote.RemoteTestNG.main(RemoteTestNG.java:175)
</pre></div></td>
<td>0</td>
<td>test10.yueni.android.myprofile.Test07SystemSettingPage@2f490758</td></tr>
<tr>
<td title='test10.yueni.android.myprofile.Test07SystemSettingPage.afterMethod()'><b>afterMethod</b><br>Test class: test10.yueni.android.myprofile.Test07SystemSettingPage<br>Parameters: [TestResult name=TestFir10stClickOpenAboutUs status=SKIP method=Test07SystemSettingPage.TestFir10stClickOpenAboutUs()[pri:0, instance:test10.yueni.android.myprofile.Test07SystemSettingPage@2f490758] output={null}]</td>
<td><div><pre>org.openqa.selenium.remote.SessionNotFoundException: 
Command duration or timeout: 4 milliseconds
Build info: version: &apos;2.42.2&apos;, revision: &apos;6a6995d31c7c56c340d6f45a76976d43506cd6cc&apos;, time: &apos;2014-06-03 10:52:47&apos;
System info: host: &apos;chinaskindeiMac.local&apos;, ip: &apos;192.168.145.165&apos;, os.name: &apos;Mac OS X&apos;, os.arch: &apos;x86_64&apos;, os.version: &apos;10.11.3&apos;, java.version: &apos;1.8.0_51&apos;
Driver info: io.appium.java_client.android.AndroidDriver
Capabilities [{app=/Users/chinaskin/Desktop/yueniapp-YN_TEST-x86-debug.apk, networkConnectionEnabled=true, noReset=true, warnings={}, app-package=null, app-activity=null, databaseEnabled=false, deviceName=emulator-5554, platform=LINUX, desired={app=/Users/chinaskin/Desktop/yueniapp-YN_TEST-x86-debug.apk, noReset=true, platformVersion=4.4, app-package=null, app-activity=null, unicodeKeyboard=true, platformName=Android, deviceName=emulator-5554, resetKeyboard=true}, platformVersion=6.0, webStorageEnabled=false, locationContextEnabled=false, browserName=Android, takesScreenshot=true, javascriptEnabled=true, unicodeKeyboard=true, platformName=Android, resetKeyboard=true}]
Session ID: ec9cde02-575b-4ac3-b06e-bb9bf347e975
	at org.openqa.selenium.remote.ErrorHandler.createThrowable(ErrorHandler.java:204)
	at org.openqa.selenium.remote.ErrorHandler.throwIfResponseFailed(ErrorHandler.java:162)
	at org.openqa.selenium.remote.RemoteWebDriver.execute(RemoteWebDriver.java:599)
	at io.appium.java_client.AppiumDriver.execute(AppiumDriver.java:180)
	at io.appium.java_client.AppiumDriver.execute(AppiumDriver.java:185)
	at org.openqa.selenium.remote.RemoteWebDriver.getScreenshotAs(RemoteWebDriver.java:324)
	at net.wanghaifeng.com.PublicStaticMethod.captureScreenShot(PublicStaticMethod.java:133)
	at net.wanghaifeng.com.TestDriverAndroid.afterMethod(TestDriverAndroid.java:112)
... Removed 29 stack frames</pre></div><a href='#' onClick='toggleBox("stack-trace79438382", this, "Click to show all stack frames", "Click to hide stack frames")'>Click to show all stack frames</a>
<div class='stack-trace' id='stack-trace79438382'><pre>org.openqa.selenium.remote.SessionNotFoundException: 
Command duration or timeout: 4 milliseconds
Build info: version: &apos;2.42.2&apos;, revision: &apos;6a6995d31c7c56c340d6f45a76976d43506cd6cc&apos;, time: &apos;2014-06-03 10:52:47&apos;
System info: host: &apos;chinaskindeiMac.local&apos;, ip: &apos;192.168.145.165&apos;, os.name: &apos;Mac OS X&apos;, os.arch: &apos;x86_64&apos;, os.version: &apos;10.11.3&apos;, java.version: &apos;1.8.0_51&apos;
Driver info: io.appium.java_client.android.AndroidDriver
Capabilities [{app=/Users/chinaskin/Desktop/yueniapp-YN_TEST-x86-debug.apk, networkConnectionEnabled=true, noReset=true, warnings={}, app-package=null, app-activity=null, databaseEnabled=false, deviceName=emulator-5554, platform=LINUX, desired={app=/Users/chinaskin/Desktop/yueniapp-YN_TEST-x86-debug.apk, noReset=true, platformVersion=4.4, app-package=null, app-activity=null, unicodeKeyboard=true, platformName=Android, deviceName=emulator-5554, resetKeyboard=true}, platformVersion=6.0, webStorageEnabled=false, locationContextEnabled=false, browserName=Android, takesScreenshot=true, javascriptEnabled=true, unicodeKeyboard=true, platformName=Android, resetKeyboard=true}]
Session ID: ec9cde02-575b-4ac3-b06e-bb9bf347e975
	at sun.reflect.NativeConstructorAccessorImpl.newInstance0(Native Method)
	at sun.reflect.NativeConstructorAccessorImpl.newInstance(NativeConstructorAccessorImpl.java:62)
	at sun.reflect.DelegatingConstructorAccessorImpl.newInstance(DelegatingConstructorAccessorImpl.java:45)
	at java.lang.reflect.Constructor.newInstance(Constructor.java:422)
	at org.openqa.selenium.remote.ErrorHandler.createThrowable(ErrorHandler.java:204)
	at org.openqa.selenium.remote.ErrorHandler.throwIfResponseFailed(ErrorHandler.java:162)
	at org.openqa.selenium.remote.RemoteWebDriver.execute(RemoteWebDriver.java:599)
	at io.appium.java_client.AppiumDriver.execute(AppiumDriver.java:180)
	at io.appium.java_client.AppiumDriver.execute(AppiumDriver.java:185)
	at org.openqa.selenium.remote.RemoteWebDriver.getScreenshotAs(RemoteWebDriver.java:324)
	at net.wanghaifeng.com.PublicStaticMethod.captureScreenShot(PublicStaticMethod.java:133)
	at net.wanghaifeng.com.TestDriverAndroid.afterMethod(TestDriverAndroid.java:112)
	at sun.reflect.GeneratedMethodAccessor16.invoke(Unknown Source)
	at sun.reflect.DelegatingMethodAccessorImpl.invoke(DelegatingMethodAccessorImpl.java:43)
	at java.lang.reflect.Method.invoke(Method.java:497)
	at org.testng.internal.MethodInvocationHelper.invokeMethod(MethodInvocationHelper.java:84)
	at org.testng.internal.Invoker.invokeConfigurationMethod(Invoker.java:564)
	at org.testng.internal.Invoker.invokeConfigurations(Invoker.java:213)
	at org.testng.internal.Invoker.invokeMethod(Invoker.java:786)
	at org.testng.internal.Invoker.invokeTestMethod(Invoker.java:901)
	at org.testng.internal.Invoker.invokeTestMethods(Invoker.java:1231)
	at org.testng.internal.TestMethodWorker.invokeTestMethods(TestMethodWorker.java:127)
	at org.testng.internal.TestMethodWorker.run(TestMethodWorker.java:111)
	at org.testng.TestRunner.privateRun(TestRunner.java:767)
	at org.testng.TestRunner.run(TestRunner.java:617)
	at org.testng.SuiteRunner.runTest(SuiteRunner.java:334)
	at org.testng.SuiteRunner.runSequentially(SuiteRunner.java:329)
	at org.testng.SuiteRunner.privateRun(SuiteRunner.java:291)
	at org.testng.SuiteRunner.run(SuiteRunner.java:240)
	at org.testng.SuiteRunnerWorker.runSuite(SuiteRunnerWorker.java:52)
	at org.testng.SuiteRunnerWorker.run(SuiteRunnerWorker.java:86)
	at org.testng.TestNG.runSuitesSequentially(TestNG.java:1224)
	at org.testng.TestNG.runSuitesLocally(TestNG.java:1149)
	at org.testng.TestNG.run(TestNG.java:1057)
	at org.testng.remote.RemoteTestNG.run(RemoteTestNG.java:111)
	at org.testng.remote.RemoteTestNG.initAndRun(RemoteTestNG.java:204)
	at org.testng.remote.RemoteTestNG.main(RemoteTestNG.java:175)
</pre></div></td>
<td>0</td>
<td>test10.yueni.android.myprofile.Test07SystemSettingPage@2f490758</td></tr>
<tr>
<td title='test10.yueni.android.myprofile.Test07SystemSettingPage.afterMethod()'><b>afterMethod</b><br>Test class: test10.yueni.android.myprofile.Test07SystemSettingPage<br>Parameters: [TestResult name=TestFir11stClickShareAppToFriend status=SKIP method=Test07SystemSettingPage.TestFir11stClickShareAppToFriend()[pri:0, instance:test10.yueni.android.myprofile.Test07SystemSettingPage@2f490758] output={null}]</td>
<td><div><pre>org.openqa.selenium.remote.SessionNotFoundException: 
Command duration or timeout: 3 milliseconds
Build info: version: &apos;2.42.2&apos;, revision: &apos;6a6995d31c7c56c340d6f45a76976d43506cd6cc&apos;, time: &apos;2014-06-03 10:52:47&apos;
System info: host: &apos;chinaskindeiMac.local&apos;, ip: &apos;192.168.145.165&apos;, os.name: &apos;Mac OS X&apos;, os.arch: &apos;x86_64&apos;, os.version: &apos;10.11.3&apos;, java.version: &apos;1.8.0_51&apos;
Driver info: io.appium.java_client.android.AndroidDriver
Capabilities [{app=/Users/chinaskin/Desktop/yueniapp-YN_TEST-x86-debug.apk, networkConnectionEnabled=true, noReset=true, warnings={}, app-package=null, app-activity=null, databaseEnabled=false, deviceName=emulator-5554, platform=LINUX, desired={app=/Users/chinaskin/Desktop/yueniapp-YN_TEST-x86-debug.apk, noReset=true, platformVersion=4.4, app-package=null, app-activity=null, unicodeKeyboard=true, platformName=Android, deviceName=emulator-5554, resetKeyboard=true}, platformVersion=6.0, webStorageEnabled=false, locationContextEnabled=false, browserName=Android, takesScreenshot=true, javascriptEnabled=true, unicodeKeyboard=true, platformName=Android, resetKeyboard=true}]
Session ID: ec9cde02-575b-4ac3-b06e-bb9bf347e975
	at org.openqa.selenium.remote.ErrorHandler.createThrowable(ErrorHandler.java:204)
	at org.openqa.selenium.remote.ErrorHandler.throwIfResponseFailed(ErrorHandler.java:162)
	at org.openqa.selenium.remote.RemoteWebDriver.execute(RemoteWebDriver.java:599)
	at io.appium.java_client.AppiumDriver.execute(AppiumDriver.java:180)
	at io.appium.java_client.AppiumDriver.execute(AppiumDriver.java:185)
	at org.openqa.selenium.remote.RemoteWebDriver.getScreenshotAs(RemoteWebDriver.java:324)
	at net.wanghaifeng.com.PublicStaticMethod.captureScreenShot(PublicStaticMethod.java:133)
	at net.wanghaifeng.com.TestDriverAndroid.afterMethod(TestDriverAndroid.java:112)
... Removed 29 stack frames</pre></div><a href='#' onClick='toggleBox("stack-trace2031951755", this, "Click to show all stack frames", "Click to hide stack frames")'>Click to show all stack frames</a>
<div class='stack-trace' id='stack-trace2031951755'><pre>org.openqa.selenium.remote.SessionNotFoundException: 
Command duration or timeout: 3 milliseconds
Build info: version: &apos;2.42.2&apos;, revision: &apos;6a6995d31c7c56c340d6f45a76976d43506cd6cc&apos;, time: &apos;2014-06-03 10:52:47&apos;
System info: host: &apos;chinaskindeiMac.local&apos;, ip: &apos;192.168.145.165&apos;, os.name: &apos;Mac OS X&apos;, os.arch: &apos;x86_64&apos;, os.version: &apos;10.11.3&apos;, java.version: &apos;1.8.0_51&apos;
Driver info: io.appium.java_client.android.AndroidDriver
Capabilities [{app=/Users/chinaskin/Desktop/yueniapp-YN_TEST-x86-debug.apk, networkConnectionEnabled=true, noReset=true, warnings={}, app-package=null, app-activity=null, databaseEnabled=false, deviceName=emulator-5554, platform=LINUX, desired={app=/Users/chinaskin/Desktop/yueniapp-YN_TEST-x86-debug.apk, noReset=true, platformVersion=4.4, app-package=null, app-activity=null, unicodeKeyboard=true, platformName=Android, deviceName=emulator-5554, resetKeyboard=true}, platformVersion=6.0, webStorageEnabled=false, locationContextEnabled=false, browserName=Android, takesScreenshot=true, javascriptEnabled=true, unicodeKeyboard=true, platformName=Android, resetKeyboard=true}]
Session ID: ec9cde02-575b-4ac3-b06e-bb9bf347e975
	at sun.reflect.NativeConstructorAccessorImpl.newInstance0(Native Method)
	at sun.reflect.NativeConstructorAccessorImpl.newInstance(NativeConstructorAccessorImpl.java:62)
	at sun.reflect.DelegatingConstructorAccessorImpl.newInstance(DelegatingConstructorAccessorImpl.java:45)
	at java.lang.reflect.Constructor.newInstance(Constructor.java:422)
	at org.openqa.selenium.remote.ErrorHandler.createThrowable(ErrorHandler.java:204)
	at org.openqa.selenium.remote.ErrorHandler.throwIfResponseFailed(ErrorHandler.java:162)
	at org.openqa.selenium.remote.RemoteWebDriver.execute(RemoteWebDriver.java:599)
	at io.appium.java_client.AppiumDriver.execute(AppiumDriver.java:180)
	at io.appium.java_client.AppiumDriver.execute(AppiumDriver.java:185)
	at org.openqa.selenium.remote.RemoteWebDriver.getScreenshotAs(RemoteWebDriver.java:324)
	at net.wanghaifeng.com.PublicStaticMethod.captureScreenShot(PublicStaticMethod.java:133)
	at net.wanghaifeng.com.TestDriverAndroid.afterMethod(TestDriverAndroid.java:112)
	at sun.reflect.GeneratedMethodAccessor16.invoke(Unknown Source)
	at sun.reflect.DelegatingMethodAccessorImpl.invoke(DelegatingMethodAccessorImpl.java:43)
	at java.lang.reflect.Method.invoke(Method.java:497)
	at org.testng.internal.MethodInvocationHelper.invokeMethod(MethodInvocationHelper.java:84)
	at org.testng.internal.Invoker.invokeConfigurationMethod(Invoker.java:564)
	at org.testng.internal.Invoker.invokeConfigurations(Invoker.java:213)
	at org.testng.internal.Invoker.invokeMethod(Invoker.java:786)
	at org.testng.internal.Invoker.invokeTestMethod(Invoker.java:901)
	at org.testng.internal.Invoker.invokeTestMethods(Invoker.java:1231)
	at org.testng.internal.TestMethodWorker.invokeTestMethods(TestMethodWorker.java:127)
	at org.testng.internal.TestMethodWorker.run(TestMethodWorker.java:111)
	at org.testng.TestRunner.privateRun(TestRunner.java:767)
	at org.testng.TestRunner.run(TestRunner.java:617)
	at org.testng.SuiteRunner.runTest(SuiteRunner.java:334)
	at org.testng.SuiteRunner.runSequentially(SuiteRunner.java:329)
	at org.testng.SuiteRunner.privateRun(SuiteRunner.java:291)
	at org.testng.SuiteRunner.run(SuiteRunner.java:240)
	at org.testng.SuiteRunnerWorker.runSuite(SuiteRunnerWorker.java:52)
	at org.testng.SuiteRunnerWorker.run(SuiteRunnerWorker.java:86)
	at org.testng.TestNG.runSuitesSequentially(TestNG.java:1224)
	at org.testng.TestNG.runSuitesLocally(TestNG.java:1149)
	at org.testng.TestNG.run(TestNG.java:1057)
	at org.testng.remote.RemoteTestNG.run(RemoteTestNG.java:111)
	at org.testng.remote.RemoteTestNG.initAndRun(RemoteTestNG.java:204)
	at org.testng.remote.RemoteTestNG.main(RemoteTestNG.java:175)
</pre></div></td>
<td>0</td>
<td>test10.yueni.android.myprofile.Test07SystemSettingPage@2f490758</td></tr>
<tr>
<td title='test10.yueni.android.myprofile.Test07SystemSettingPage.afterMethod()'><b>afterMethod</b><br>Test class: test10.yueni.android.myprofile.Test07SystemSettingPage<br>Parameters: [TestResult name=TestFir12stClickUserExitLogout status=SKIP method=Test07SystemSettingPage.TestFir12stClickUserExitLogout()[pri:0, instance:test10.yueni.android.myprofile.Test07SystemSettingPage@2f490758] output={null}]</td>
<td><div><pre>org.openqa.selenium.remote.SessionNotFoundException: 
Command duration or timeout: 4 milliseconds
Build info: version: &apos;2.42.2&apos;, revision: &apos;6a6995d31c7c56c340d6f45a76976d43506cd6cc&apos;, time: &apos;2014-06-03 10:52:47&apos;
System info: host: &apos;chinaskindeiMac.local&apos;, ip: &apos;192.168.145.165&apos;, os.name: &apos;Mac OS X&apos;, os.arch: &apos;x86_64&apos;, os.version: &apos;10.11.3&apos;, java.version: &apos;1.8.0_51&apos;
Driver info: io.appium.java_client.android.AndroidDriver
Capabilities [{app=/Users/chinaskin/Desktop/yueniapp-YN_TEST-x86-debug.apk, networkConnectionEnabled=true, noReset=true, warnings={}, app-package=null, app-activity=null, databaseEnabled=false, deviceName=emulator-5554, platform=LINUX, desired={app=/Users/chinaskin/Desktop/yueniapp-YN_TEST-x86-debug.apk, noReset=true, platformVersion=4.4, app-package=null, app-activity=null, unicodeKeyboard=true, platformName=Android, deviceName=emulator-5554, resetKeyboard=true}, platformVersion=6.0, webStorageEnabled=false, locationContextEnabled=false, browserName=Android, takesScreenshot=true, javascriptEnabled=true, unicodeKeyboard=true, platformName=Android, resetKeyboard=true}]
Session ID: ec9cde02-575b-4ac3-b06e-bb9bf347e975
	at org.openqa.selenium.remote.ErrorHandler.createThrowable(ErrorHandler.java:204)
	at org.openqa.selenium.remote.ErrorHandler.throwIfResponseFailed(ErrorHandler.java:162)
	at org.openqa.selenium.remote.RemoteWebDriver.execute(RemoteWebDriver.java:599)
	at io.appium.java_client.AppiumDriver.execute(AppiumDriver.java:180)
	at io.appium.java_client.AppiumDriver.execute(AppiumDriver.java:185)
	at org.openqa.selenium.remote.RemoteWebDriver.getScreenshotAs(RemoteWebDriver.java:324)
	at net.wanghaifeng.com.PublicStaticMethod.captureScreenShot(PublicStaticMethod.java:133)
	at net.wanghaifeng.com.TestDriverAndroid.afterMethod(TestDriverAndroid.java:112)
... Removed 29 stack frames</pre></div><a href='#' onClick='toggleBox("stack-trace2084559714", this, "Click to show all stack frames", "Click to hide stack frames")'>Click to show all stack frames</a>
<div class='stack-trace' id='stack-trace2084559714'><pre>org.openqa.selenium.remote.SessionNotFoundException: 
Command duration or timeout: 4 milliseconds
Build info: version: &apos;2.42.2&apos;, revision: &apos;6a6995d31c7c56c340d6f45a76976d43506cd6cc&apos;, time: &apos;2014-06-03 10:52:47&apos;
System info: host: &apos;chinaskindeiMac.local&apos;, ip: &apos;192.168.145.165&apos;, os.name: &apos;Mac OS X&apos;, os.arch: &apos;x86_64&apos;, os.version: &apos;10.11.3&apos;, java.version: &apos;1.8.0_51&apos;
Driver info: io.appium.java_client.android.AndroidDriver
Capabilities [{app=/Users/chinaskin/Desktop/yueniapp-YN_TEST-x86-debug.apk, networkConnectionEnabled=true, noReset=true, warnings={}, app-package=null, app-activity=null, databaseEnabled=false, deviceName=emulator-5554, platform=LINUX, desired={app=/Users/chinaskin/Desktop/yueniapp-YN_TEST-x86-debug.apk, noReset=true, platformVersion=4.4, app-package=null, app-activity=null, unicodeKeyboard=true, platformName=Android, deviceName=emulator-5554, resetKeyboard=true}, platformVersion=6.0, webStorageEnabled=false, locationContextEnabled=false, browserName=Android, takesScreenshot=true, javascriptEnabled=true, unicodeKeyboard=true, platformName=Android, resetKeyboard=true}]
Session ID: ec9cde02-575b-4ac3-b06e-bb9bf347e975
	at sun.reflect.NativeConstructorAccessorImpl.newInstance0(Native Method)
	at sun.reflect.NativeConstructorAccessorImpl.newInstance(NativeConstructorAccessorImpl.java:62)
	at sun.reflect.DelegatingConstructorAccessorImpl.newInstance(DelegatingConstructorAccessorImpl.java:45)
	at java.lang.reflect.Constructor.newInstance(Constructor.java:422)
	at org.openqa.selenium.remote.ErrorHandler.createThrowable(ErrorHandler.java:204)
	at org.openqa.selenium.remote.ErrorHandler.throwIfResponseFailed(ErrorHandler.java:162)
	at org.openqa.selenium.remote.RemoteWebDriver.execute(RemoteWebDriver.java:599)
	at io.appium.java_client.AppiumDriver.execute(AppiumDriver.java:180)
	at io.appium.java_client.AppiumDriver.execute(AppiumDriver.java:185)
	at org.openqa.selenium.remote.RemoteWebDriver.getScreenshotAs(RemoteWebDriver.java:324)
	at net.wanghaifeng.com.PublicStaticMethod.captureScreenShot(PublicStaticMethod.java:133)
	at net.wanghaifeng.com.TestDriverAndroid.afterMethod(TestDriverAndroid.java:112)
	at sun.reflect.GeneratedMethodAccessor16.invoke(Unknown Source)
	at sun.reflect.DelegatingMethodAccessorImpl.invoke(DelegatingMethodAccessorImpl.java:43)
	at java.lang.reflect.Method.invoke(Method.java:497)
	at org.testng.internal.MethodInvocationHelper.invokeMethod(MethodInvocationHelper.java:84)
	at org.testng.internal.Invoker.invokeConfigurationMethod(Invoker.java:564)
	at org.testng.internal.Invoker.invokeConfigurations(Invoker.java:213)
	at org.testng.internal.Invoker.invokeMethod(Invoker.java:786)
	at org.testng.internal.Invoker.invokeTestMethod(Invoker.java:901)
	at org.testng.internal.Invoker.invokeTestMethods(Invoker.java:1231)
	at org.testng.internal.TestMethodWorker.invokeTestMethods(TestMethodWorker.java:127)
	at org.testng.internal.TestMethodWorker.run(TestMethodWorker.java:111)
	at org.testng.TestRunner.privateRun(TestRunner.java:767)
	at org.testng.TestRunner.run(TestRunner.java:617)
	at org.testng.SuiteRunner.runTest(SuiteRunner.java:334)
	at org.testng.SuiteRunner.runSequentially(SuiteRunner.java:329)
	at org.testng.SuiteRunner.privateRun(SuiteRunner.java:291)
	at org.testng.SuiteRunner.run(SuiteRunner.java:240)
	at org.testng.SuiteRunnerWorker.runSuite(SuiteRunnerWorker.java:52)
	at org.testng.SuiteRunnerWorker.run(SuiteRunnerWorker.java:86)
	at org.testng.TestNG.runSuitesSequentially(TestNG.java:1224)
	at org.testng.TestNG.runSuitesLocally(TestNG.java:1149)
	at org.testng.TestNG.run(TestNG.java:1057)
	at org.testng.remote.RemoteTestNG.run(RemoteTestNG.java:111)
	at org.testng.remote.RemoteTestNG.initAndRun(RemoteTestNG.java:204)
	at org.testng.remote.RemoteTestNG.main(RemoteTestNG.java:175)
</pre></div></td>
<td>0</td>
<td>test10.yueni.android.myprofile.Test07SystemSettingPage@2f490758</td></tr>
</table><p>
<table width='100%' border='1' class='invocation-skipped'>
<tr><td colspan='4' align='center'><b>SKIPPED CONFIGURATIONS</b></td></tr>
<tr><td><b>Test method</b></td>
<td width="30%"><b>Exception</b></td>
<td width="10%"><b>Time (seconds)</b></td>
<td><b>Instance</b></td>
</tr>
<tr>
<td title='test10.yueni.android.myprofile.Test07SystemSettingPage.ResetTestApplication()'><b>ResetTestApplication</b><br>Test class: test10.yueni.android.myprofile.Test07SystemSettingPage<br>Test method: 重置测试应用</td>
<td></td>
<td>0</td>
<td>test10.yueni.android.myprofile.Test07SystemSettingPage@2f490758</td></tr>
<tr>
<td title='test06.yueni.android.base.Test00AutoTestBase.TestFir03stRunCompareLogFileTest()'><b>TestFir03stRunCompareLogFileTest</b><br>Test class: test06.yueni.android.base.Test00AutoTestBase<br>Test method: 测试用例执行结束</td>
<td></td>
<td>0</td>
<td>null</td></tr>
</table><p>
<table width='100%' border='1' class='invocation-failed'>
<tr><td colspan='4' align='center'><b>FAILED TESTS</b></td></tr>
<tr><td><b>Test method</b></td>
<td width="30%"><b>Exception</b></td>
<td width="10%"><b>Time (seconds)</b></td>
<td><b>Instance</b></td>
</tr>
<tr>
<td title='test10.yueni.android.myprofile.Test07SystemSettingPage.TestFir01stClickEditUserInfo()'><b>TestFir01stClickEditUserInfo</b><br>Test class: test10.yueni.android.myprofile.Test07SystemSettingPage<br>Test method: 点击编辑个人资料<br/>
<a href="#Output-37981645" onClick='toggleBox("Output-37981645", this, "Show output", "Hide output");'>Show output</a>

<a href="#Output-37981645" onClick="toggleAllBoxes();">Show all outputs</a>
<div class='log' id="Output-37981645">
<测试通过><br/>
</div>
</td>
<td><div><pre>java.lang.AssertionError: 查看元素失败，无法进行click操作
	at net.wanghaifeng.page.android.Android14EditUserInfoPage.clickModifyUserNickName(Android14EditUserInfoPage.java:83)
	at test10.yueni.android.myprofile.Test07SystemSettingPage.TestFir01stClickEditUserInfo(Test07SystemSettingPage.java:25)
... Removed 25 stack frames</pre></div><a href='#' onClick='toggleBox("stack-trace37981645", this, "Click to show all stack frames", "Click to hide stack frames")'>Click to show all stack frames</a>
<div class='stack-trace' id='stack-trace37981645'><pre>java.lang.AssertionError: 查看元素失败，无法进行click操作
	at org.testng.AssertJUnit.fail(AssertJUnit.java:59)
	at net.wanghaifeng.page.android.Android14EditUserInfoPage.clickModifyUserNickName(Android14EditUserInfoPage.java:83)
	at test10.yueni.android.myprofile.Test07SystemSettingPage.TestFir01stClickEditUserInfo(Test07SystemSettingPage.java:25)
	at sun.reflect.NativeMethodAccessorImpl.invoke0(Native Method)
	at sun.reflect.NativeMethodAccessorImpl.invoke(NativeMethodAccessorImpl.java:62)
	at sun.reflect.DelegatingMethodAccessorImpl.invoke(DelegatingMethodAccessorImpl.java:43)
	at java.lang.reflect.Method.invoke(Method.java:497)
	at org.testng.internal.MethodInvocationHelper.invokeMethod(MethodInvocationHelper.java:84)
	at org.testng.internal.Invoker.invokeMethod(Invoker.java:714)
	at org.testng.internal.Invoker.invokeTestMethod(Invoker.java:901)
	at org.testng.internal.Invoker.invokeTestMethods(Invoker.java:1231)
	at org.testng.internal.TestMethodWorker.invokeTestMethods(TestMethodWorker.java:127)
	at org.testng.internal.TestMethodWorker.run(TestMethodWorker.java:111)
	at org.testng.TestRunner.privateRun(TestRunner.java:767)
	at org.testng.TestRunner.run(TestRunner.java:617)
	at org.testng.SuiteRunner.runTest(SuiteRunner.java:334)
	at org.testng.SuiteRunner.runSequentially(SuiteRunner.java:329)
	at org.testng.SuiteRunner.privateRun(SuiteRunner.java:291)
	at org.testng.SuiteRunner.run(SuiteRunner.java:240)
	at org.testng.SuiteRunnerWorker.runSuite(SuiteRunnerWorker.java:52)
	at org.testng.SuiteRunnerWorker.run(SuiteRunnerWorker.java:86)
	at org.testng.TestNG.runSuitesSequentially(TestNG.java:1224)
	at org.testng.TestNG.runSuitesLocally(TestNG.java:1149)
	at org.testng.TestNG.run(TestNG.java:1057)
	at org.testng.remote.RemoteTestNG.run(RemoteTestNG.java:111)
	at org.testng.remote.RemoteTestNG.initAndRun(RemoteTestNG.java:204)
	at org.testng.remote.RemoteTestNG.main(RemoteTestNG.java:175)
</pre></div></td>
<td>91</td>
<td>test10.yueni.android.myprofile.Test07SystemSettingPage@2f490758</td></tr>
<tr>
<td title='test10.yueni.android.myprofile.Test06UserCenterPage.TestFir01stClickEveryDaySign()'><b>TestFir01stClickEveryDaySign</b><br>Test class: test10.yueni.android.myprofile.Test06UserCenterPage<br>Test method: 点击用户签到按钮<br/>
<a href="#Output-2068598972" onClick='toggleBox("Output-2068598972", this, "Show output", "Hide output");'>Show output</a>

<a href="#Output-2068598972" onClick="toggleAllBoxes();">Show all outputs</a>
<div class='log' id="Output-2068598972">
<img src='/Users/chinaskin/UIAutoTest/yueni_ui_test/ScreenShots/TestFir01stClickEveryDaySign.png' width='50%'/><br/>
</div>
</td>
<td><div><pre>java.lang.AssertionError: 查看元素失败，无法进行click操作
	at net.wanghaifeng.page.android.Android06UserCenterPage.clickOpenEveryDaySign(Android06UserCenterPage.java:58)
	at test10.yueni.android.myprofile.Test06UserCenterPage.TestFir01stClickEveryDaySign(Test06UserCenterPage.java:24)
... Removed 25 stack frames</pre></div><a href='#' onClick='toggleBox("stack-trace2068598972", this, "Click to show all stack frames", "Click to hide stack frames")'>Click to show all stack frames</a>
<div class='stack-trace' id='stack-trace2068598972'><pre>java.lang.AssertionError: 查看元素失败，无法进行click操作
	at org.testng.AssertJUnit.fail(AssertJUnit.java:59)
	at net.wanghaifeng.page.android.Android06UserCenterPage.clickOpenEveryDaySign(Android06UserCenterPage.java:58)
	at test10.yueni.android.myprofile.Test06UserCenterPage.TestFir01stClickEveryDaySign(Test06UserCenterPage.java:24)
	at sun.reflect.NativeMethodAccessorImpl.invoke0(Native Method)
	at sun.reflect.NativeMethodAccessorImpl.invoke(NativeMethodAccessorImpl.java:62)
	at sun.reflect.DelegatingMethodAccessorImpl.invoke(DelegatingMethodAccessorImpl.java:43)
	at java.lang.reflect.Method.invoke(Method.java:497)
	at org.testng.internal.MethodInvocationHelper.invokeMethod(MethodInvocationHelper.java:84)
	at org.testng.internal.Invoker.invokeMethod(Invoker.java:714)
	at org.testng.internal.Invoker.invokeTestMethod(Invoker.java:901)
	at org.testng.internal.Invoker.invokeTestMethods(Invoker.java:1231)
	at org.testng.internal.TestMethodWorker.invokeTestMethods(TestMethodWorker.java:127)
	at org.testng.internal.TestMethodWorker.run(TestMethodWorker.java:111)
	at org.testng.TestRunner.privateRun(TestRunner.java:767)
	at org.testng.TestRunner.run(TestRunner.java:617)
	at org.testng.SuiteRunner.runTest(SuiteRunner.java:334)
	at org.testng.SuiteRunner.runSequentially(SuiteRunner.java:329)
	at org.testng.SuiteRunner.privateRun(SuiteRunner.java:291)
	at org.testng.SuiteRunner.run(SuiteRunner.java:240)
	at org.testng.SuiteRunnerWorker.runSuite(SuiteRunnerWorker.java:52)
	at org.testng.SuiteRunnerWorker.run(SuiteRunnerWorker.java:86)
	at org.testng.TestNG.runSuitesSequentially(TestNG.java:1224)
	at org.testng.TestNG.runSuitesLocally(TestNG.java:1149)
	at org.testng.TestNG.run(TestNG.java:1057)
	at org.testng.remote.RemoteTestNG.run(RemoteTestNG.java:111)
	at org.testng.remote.RemoteTestNG.initAndRun(RemoteTestNG.java:204)
	at org.testng.remote.RemoteTestNG.main(RemoteTestNG.java:175)
</pre></div></td>
<td>12</td>
<td>test10.yueni.android.myprofile.Test06UserCenterPage@1188e820</td></tr>
<tr>
<td title='test10.yueni.android.myprofile.Test06UserCenterPage.TestFir02stClickAttentionButton()'><b>TestFir02stClickAttentionButton</b><br>Test class: test10.yueni.android.myprofile.Test06UserCenterPage<br>Test method: 点击用户关注功能<br/>
<a href="#Output-1263668904" onClick='toggleBox("Output-1263668904", this, "Show output", "Hide output");'>Show output</a>

<a href="#Output-1263668904" onClick="toggleAllBoxes();">Show all outputs</a>
<div class='log' id="Output-1263668904">
<img src='/Users/chinaskin/UIAutoTest/yueni_ui_test/ScreenShots/TestFir02stClickAttentionButton.png' width='50%'/><br/>
</div>
</td>
<td><div><pre>java.lang.AssertionError: 查看元素失败，无法进行click操作
	at net.wanghaifeng.page.android.Android06UserCenterPage.clickAttentionButton(Android06UserCenterPage.java:83)
	at test10.yueni.android.myprofile.Test06UserCenterPage.TestFir02stClickAttentionButton(Test06UserCenterPage.java:31)
... Removed 25 stack frames</pre></div><a href='#' onClick='toggleBox("stack-trace1263668904", this, "Click to show all stack frames", "Click to hide stack frames")'>Click to show all stack frames</a>
<div class='stack-trace' id='stack-trace1263668904'><pre>java.lang.AssertionError: 查看元素失败，无法进行click操作
	at org.testng.AssertJUnit.fail(AssertJUnit.java:59)
	at net.wanghaifeng.page.android.Android06UserCenterPage.clickAttentionButton(Android06UserCenterPage.java:83)
	at test10.yueni.android.myprofile.Test06UserCenterPage.TestFir02stClickAttentionButton(Test06UserCenterPage.java:31)
	at sun.reflect.NativeMethodAccessorImpl.invoke0(Native Method)
	at sun.reflect.NativeMethodAccessorImpl.invoke(NativeMethodAccessorImpl.java:62)
	at sun.reflect.DelegatingMethodAccessorImpl.invoke(DelegatingMethodAccessorImpl.java:43)
	at java.lang.reflect.Method.invoke(Method.java:497)
	at org.testng.internal.MethodInvocationHelper.invokeMethod(MethodInvocationHelper.java:84)
	at org.testng.internal.Invoker.invokeMethod(Invoker.java:714)
	at org.testng.internal.Invoker.invokeTestMethod(Invoker.java:901)
	at org.testng.internal.Invoker.invokeTestMethods(Invoker.java:1231)
	at org.testng.internal.TestMethodWorker.invokeTestMethods(TestMethodWorker.java:127)
	at org.testng.internal.TestMethodWorker.run(TestMethodWorker.java:111)
	at org.testng.TestRunner.privateRun(TestRunner.java:767)
	at org.testng.TestRunner.run(TestRunner.java:617)
	at org.testng.SuiteRunner.runTest(SuiteRunner.java:334)
	at org.testng.SuiteRunner.runSequentially(SuiteRunner.java:329)
	at org.testng.SuiteRunner.privateRun(SuiteRunner.java:291)
	at org.testng.SuiteRunner.run(SuiteRunner.java:240)
	at org.testng.SuiteRunnerWorker.runSuite(SuiteRunnerWorker.java:52)
	at org.testng.SuiteRunnerWorker.run(SuiteRunnerWorker.java:86)
	at org.testng.TestNG.runSuitesSequentially(TestNG.java:1224)
	at org.testng.TestNG.runSuitesLocally(TestNG.java:1149)
	at org.testng.TestNG.run(TestNG.java:1057)
	at org.testng.remote.RemoteTestNG.run(RemoteTestNG.java:111)
	at org.testng.remote.RemoteTestNG.initAndRun(RemoteTestNG.java:204)
	at org.testng.remote.RemoteTestNG.main(RemoteTestNG.java:175)
</pre></div></td>
<td>5</td>
<td>test10.yueni.android.myprofile.Test06UserCenterPage@1188e820</td></tr>
<tr>
<td title='test10.yueni.android.myprofile.Test06UserCenterPage.TestFir03stClickFollowerButton()'><b>TestFir03stClickFollowerButton</b><br>Test class: test10.yueni.android.myprofile.Test06UserCenterPage<br>Test method: 打开用户粉丝页面<br/>
<a href="#Output-1572256205" onClick='toggleBox("Output-1572256205", this, "Show output", "Hide output");'>Show output</a>

<a href="#Output-1572256205" onClick="toggleAllBoxes();">Show all outputs</a>
<div class='log' id="Output-1572256205">
<img src='/Users/chinaskin/UIAutoTest/yueni_ui_test/ScreenShots/TestFir03stClickFollowerButton.png' width='50%'/><br/>
</div>
</td>
<td><div><pre>java.lang.AssertionError: 查看元素失败，无法进行click操作
	at net.wanghaifeng.page.android.Android06UserCenterPage.clickFollowerButton(Android06UserCenterPage.java:95)
	at test10.yueni.android.myprofile.Test06UserCenterPage.TestFir03stClickFollowerButton(Test06UserCenterPage.java:38)
... Removed 25 stack frames</pre></div><a href='#' onClick='toggleBox("stack-trace1572256205", this, "Click to show all stack frames", "Click to hide stack frames")'>Click to show all stack frames</a>
<div class='stack-trace' id='stack-trace1572256205'><pre>java.lang.AssertionError: 查看元素失败，无法进行click操作
	at org.testng.AssertJUnit.fail(AssertJUnit.java:59)
	at net.wanghaifeng.page.android.Android06UserCenterPage.clickFollowerButton(Android06UserCenterPage.java:95)
	at test10.yueni.android.myprofile.Test06UserCenterPage.TestFir03stClickFollowerButton(Test06UserCenterPage.java:38)
	at sun.reflect.NativeMethodAccessorImpl.invoke0(Native Method)
	at sun.reflect.NativeMethodAccessorImpl.invoke(NativeMethodAccessorImpl.java:62)
	at sun.reflect.DelegatingMethodAccessorImpl.invoke(DelegatingMethodAccessorImpl.java:43)
	at java.lang.reflect.Method.invoke(Method.java:497)
	at org.testng.internal.MethodInvocationHelper.invokeMethod(MethodInvocationHelper.java:84)
	at org.testng.internal.Invoker.invokeMethod(Invoker.java:714)
	at org.testng.internal.Invoker.invokeTestMethod(Invoker.java:901)
	at org.testng.internal.Invoker.invokeTestMethods(Invoker.java:1231)
	at org.testng.internal.TestMethodWorker.invokeTestMethods(TestMethodWorker.java:127)
	at org.testng.internal.TestMethodWorker.run(TestMethodWorker.java:111)
	at org.testng.TestRunner.privateRun(TestRunner.java:767)
	at org.testng.TestRunner.run(TestRunner.java:617)
	at org.testng.SuiteRunner.runTest(SuiteRunner.java:334)
	at org.testng.SuiteRunner.runSequentially(SuiteRunner.java:329)
	at org.testng.SuiteRunner.privateRun(SuiteRunner.java:291)
	at org.testng.SuiteRunner.run(SuiteRunner.java:240)
	at org.testng.SuiteRunnerWorker.runSuite(SuiteRunnerWorker.java:52)
	at org.testng.SuiteRunnerWorker.run(SuiteRunnerWorker.java:86)
	at org.testng.TestNG.runSuitesSequentially(TestNG.java:1224)
	at org.testng.TestNG.runSuitesLocally(TestNG.java:1149)
	at org.testng.TestNG.run(TestNG.java:1057)
	at org.testng.remote.RemoteTestNG.run(RemoteTestNG.java:111)
	at org.testng.remote.RemoteTestNG.initAndRun(RemoteTestNG.java:204)
	at org.testng.remote.RemoteTestNG.main(RemoteTestNG.java:175)
</pre></div></td>
<td>5</td>
<td>test10.yueni.android.myprofile.Test06UserCenterPage@1188e820</td></tr>
<tr>
<td title='test10.yueni.android.myprofile.Test06UserCenterPage.TestFir04stClickPostButton()'><b>TestFir04stClickPostButton</b><br>Test class: test10.yueni.android.myprofile.Test06UserCenterPage<br>Test method: 打开用户帖子页面<br/>
<a href="#Output-1396721535" onClick='toggleBox("Output-1396721535", this, "Show output", "Hide output");'>Show output</a>

<a href="#Output-1396721535" onClick="toggleAllBoxes();">Show all outputs</a>
<div class='log' id="Output-1396721535">
<img src='/Users/chinaskin/UIAutoTest/yueni_ui_test/ScreenShots/TestFir04stClickPostButton.png' width='50%'/><br/>
</div>
</td>
<td><div><pre>java.lang.AssertionError: 查看元素失败，无法进行click操作
	at net.wanghaifeng.page.android.Android06UserCenterPage.clickPostButton(Android06UserCenterPage.java:71)
	at test10.yueni.android.myprofile.Test06UserCenterPage.TestFir04stClickPostButton(Test06UserCenterPage.java:45)
... Removed 25 stack frames</pre></div><a href='#' onClick='toggleBox("stack-trace1396721535", this, "Click to show all stack frames", "Click to hide stack frames")'>Click to show all stack frames</a>
<div class='stack-trace' id='stack-trace1396721535'><pre>java.lang.AssertionError: 查看元素失败，无法进行click操作
	at org.testng.AssertJUnit.fail(AssertJUnit.java:59)
	at net.wanghaifeng.page.android.Android06UserCenterPage.clickPostButton(Android06UserCenterPage.java:71)
	at test10.yueni.android.myprofile.Test06UserCenterPage.TestFir04stClickPostButton(Test06UserCenterPage.java:45)
	at sun.reflect.NativeMethodAccessorImpl.invoke0(Native Method)
	at sun.reflect.NativeMethodAccessorImpl.invoke(NativeMethodAccessorImpl.java:62)
	at sun.reflect.DelegatingMethodAccessorImpl.invoke(DelegatingMethodAccessorImpl.java:43)
	at java.lang.reflect.Method.invoke(Method.java:497)
	at org.testng.internal.MethodInvocationHelper.invokeMethod(MethodInvocationHelper.java:84)
	at org.testng.internal.Invoker.invokeMethod(Invoker.java:714)
	at org.testng.internal.Invoker.invokeTestMethod(Invoker.java:901)
	at org.testng.internal.Invoker.invokeTestMethods(Invoker.java:1231)
	at org.testng.internal.TestMethodWorker.invokeTestMethods(TestMethodWorker.java:127)
	at org.testng.internal.TestMethodWorker.run(TestMethodWorker.java:111)
	at org.testng.TestRunner.privateRun(TestRunner.java:767)
	at org.testng.TestRunner.run(TestRunner.java:617)
	at org.testng.SuiteRunner.runTest(SuiteRunner.java:334)
	at org.testng.SuiteRunner.runSequentially(SuiteRunner.java:329)
	at org.testng.SuiteRunner.privateRun(SuiteRunner.java:291)
	at org.testng.SuiteRunner.run(SuiteRunner.java:240)
	at org.testng.SuiteRunnerWorker.runSuite(SuiteRunnerWorker.java:52)
	at org.testng.SuiteRunnerWorker.run(SuiteRunnerWorker.java:86)
	at org.testng.TestNG.runSuitesSequentially(TestNG.java:1224)
	at org.testng.TestNG.runSuitesLocally(TestNG.java:1149)
	at org.testng.TestNG.run(TestNG.java:1057)
	at org.testng.remote.RemoteTestNG.run(RemoteTestNG.java:111)
	at org.testng.remote.RemoteTestNG.initAndRun(RemoteTestNG.java:204)
	at org.testng.remote.RemoteTestNG.main(RemoteTestNG.java:175)
</pre></div></td>
<td>5</td>
<td>test10.yueni.android.myprofile.Test06UserCenterPage@1188e820</td></tr>
<tr>
<td title='test10.yueni.android.myprofile.Test06UserCenterPage.TestFir05stClickEditUserInfoButton()'><b>TestFir05stClickEditUserInfoButton</b><br>Test class: test10.yueni.android.myprofile.Test06UserCenterPage<br>Test method: 点击编辑用户资料功能<br/>
<a href="#Output-1383519982" onClick='toggleBox("Output-1383519982", this, "Show output", "Hide output");'>Show output</a>

<a href="#Output-1383519982" onClick="toggleAllBoxes();">Show all outputs</a>
<div class='log' id="Output-1383519982">
<img src='/Users/chinaskin/UIAutoTest/yueni_ui_test/ScreenShots/TestFir05stClickEditUserInfoButton.png' width='50%'/><br/>
</div>
</td>
<td><div><pre>java.lang.AssertionError: 查看元素失败，无法进行click操作
	at net.wanghaifeng.page.android.Android06UserCenterPage.clickEditUserInfoButton(Android06UserCenterPage.java:108)
	at test10.yueni.android.myprofile.Test06UserCenterPage.TestFir05stClickEditUserInfoButton(Test06UserCenterPage.java:52)
... Removed 25 stack frames</pre></div><a href='#' onClick='toggleBox("stack-trace1383519982", this, "Click to show all stack frames", "Click to hide stack frames")'>Click to show all stack frames</a>
<div class='stack-trace' id='stack-trace1383519982'><pre>java.lang.AssertionError: 查看元素失败，无法进行click操作
	at org.testng.AssertJUnit.fail(AssertJUnit.java:59)
	at net.wanghaifeng.page.android.Android06UserCenterPage.clickEditUserInfoButton(Android06UserCenterPage.java:108)
	at test10.yueni.android.myprofile.Test06UserCenterPage.TestFir05stClickEditUserInfoButton(Test06UserCenterPage.java:52)
	at sun.reflect.NativeMethodAccessorImpl.invoke0(Native Method)
	at sun.reflect.NativeMethodAccessorImpl.invoke(NativeMethodAccessorImpl.java:62)
	at sun.reflect.DelegatingMethodAccessorImpl.invoke(DelegatingMethodAccessorImpl.java:43)
	at java.lang.reflect.Method.invoke(Method.java:497)
	at org.testng.internal.MethodInvocationHelper.invokeMethod(MethodInvocationHelper.java:84)
	at org.testng.internal.Invoker.invokeMethod(Invoker.java:714)
	at org.testng.internal.Invoker.invokeTestMethod(Invoker.java:901)
	at org.testng.internal.Invoker.invokeTestMethods(Invoker.java:1231)
	at org.testng.internal.TestMethodWorker.invokeTestMethods(TestMethodWorker.java:127)
	at org.testng.internal.TestMethodWorker.run(TestMethodWorker.java:111)
	at org.testng.TestRunner.privateRun(TestRunner.java:767)
	at org.testng.TestRunner.run(TestRunner.java:617)
	at org.testng.SuiteRunner.runTest(SuiteRunner.java:334)
	at org.testng.SuiteRunner.runSequentially(SuiteRunner.java:329)
	at org.testng.SuiteRunner.privateRun(SuiteRunner.java:291)
	at org.testng.SuiteRunner.run(SuiteRunner.java:240)
	at org.testng.SuiteRunnerWorker.runSuite(SuiteRunnerWorker.java:52)
	at org.testng.SuiteRunnerWorker.run(SuiteRunnerWorker.java:86)
	at org.testng.TestNG.runSuitesSequentially(TestNG.java:1224)
	at org.testng.TestNG.runSuitesLocally(TestNG.java:1149)
	at org.testng.TestNG.run(TestNG.java:1057)
	at org.testng.remote.RemoteTestNG.run(RemoteTestNG.java:111)
	at org.testng.remote.RemoteTestNG.initAndRun(RemoteTestNG.java:204)
	at org.testng.remote.RemoteTestNG.main(RemoteTestNG.java:175)
</pre></div></td>
<td>5</td>
<td>test10.yueni.android.myprofile.Test06UserCenterPage@1188e820</td></tr>
<tr>
<td title='test10.yueni.android.myprofile.Test06UserCenterPage.TestFir06stClickOpenUserCenterPage()'><b>TestFir06stClickOpenUserCenterPage</b><br>Test class: test10.yueni.android.myprofile.Test06UserCenterPage<br>Test method: 打开用户中心页面<br/>
<a href="#Output-2101249621" onClick='toggleBox("Output-2101249621", this, "Show output", "Hide output");'>Show output</a>

<a href="#Output-2101249621" onClick="toggleAllBoxes();">Show all outputs</a>
<div class='log' id="Output-2101249621">
<img src='/Users/chinaskin/UIAutoTest/yueni_ui_test/ScreenShots/TestFir06stClickOpenUserCenterPage.png' width='50%'/><br/>
</div>
</td>
<td><div><pre>java.lang.AssertionError: 查看元素失败，无法进行click操作
	at net.wanghaifeng.page.android.Android06UserCenterPage.clickOpenUserCenterPage(Android06UserCenterPage.java:120)
	at test10.yueni.android.myprofile.Test06UserCenterPage.TestFir06stClickOpenUserCenterPage(Test06UserCenterPage.java:59)
... Removed 25 stack frames</pre></div><a href='#' onClick='toggleBox("stack-trace2101249621", this, "Click to show all stack frames", "Click to hide stack frames")'>Click to show all stack frames</a>
<div class='stack-trace' id='stack-trace2101249621'><pre>java.lang.AssertionError: 查看元素失败，无法进行click操作
	at org.testng.AssertJUnit.fail(AssertJUnit.java:59)
	at net.wanghaifeng.page.android.Android06UserCenterPage.clickOpenUserCenterPage(Android06UserCenterPage.java:120)
	at test10.yueni.android.myprofile.Test06UserCenterPage.TestFir06stClickOpenUserCenterPage(Test06UserCenterPage.java:59)
	at sun.reflect.NativeMethodAccessorImpl.invoke0(Native Method)
	at sun.reflect.NativeMethodAccessorImpl.invoke(NativeMethodAccessorImpl.java:62)
	at sun.reflect.DelegatingMethodAccessorImpl.invoke(DelegatingMethodAccessorImpl.java:43)
	at java.lang.reflect.Method.invoke(Method.java:497)
	at org.testng.internal.MethodInvocationHelper.invokeMethod(MethodInvocationHelper.java:84)
	at org.testng.internal.Invoker.invokeMethod(Invoker.java:714)
	at org.testng.internal.Invoker.invokeTestMethod(Invoker.java:901)
	at org.testng.internal.Invoker.invokeTestMethods(Invoker.java:1231)
	at org.testng.internal.TestMethodWorker.invokeTestMethods(TestMethodWorker.java:127)
	at org.testng.internal.TestMethodWorker.run(TestMethodWorker.java:111)
	at org.testng.TestRunner.privateRun(TestRunner.java:767)
	at org.testng.TestRunner.run(TestRunner.java:617)
	at org.testng.SuiteRunner.runTest(SuiteRunner.java:334)
	at org.testng.SuiteRunner.runSequentially(SuiteRunner.java:329)
	at org.testng.SuiteRunner.privateRun(SuiteRunner.java:291)
	at org.testng.SuiteRunner.run(SuiteRunner.java:240)
	at org.testng.SuiteRunnerWorker.runSuite(SuiteRunnerWorker.java:52)
	at org.testng.SuiteRunnerWorker.run(SuiteRunnerWorker.java:86)
	at org.testng.TestNG.runSuitesSequentially(TestNG.java:1224)
	at org.testng.TestNG.runSuitesLocally(TestNG.java:1149)
	at org.testng.TestNG.run(TestNG.java:1057)
	at org.testng.remote.RemoteTestNG.run(RemoteTestNG.java:111)
	at org.testng.remote.RemoteTestNG.initAndRun(RemoteTestNG.java:204)
	at org.testng.remote.RemoteTestNG.main(RemoteTestNG.java:175)
</pre></div></td>
<td>5</td>
<td>test10.yueni.android.myprofile.Test06UserCenterPage@1188e820</td></tr>
<tr>
<td title='test10.yueni.android.myprofile.Test05MyProfilePage.TestFir07stClickMySubscribe()'><b>TestFir07stClickMySubscribe</b><br>Test class: test10.yueni.android.myprofile.Test05MyProfilePage<br>Test method: 点击打开我订阅的标签<br/>
<a href="#Output-611520720" onClick='toggleBox("Output-611520720", this, "Show output", "Hide output");'>Show output</a>

<a href="#Output-611520720" onClick="toggleAllBoxes();">Show all outputs</a>
<div class='log' id="Output-611520720">
<img src='/Users/chinaskin/UIAutoTest/yueni_ui_test/ScreenShots/TestFir07stClickMySubscribe.png' width='50%'/><br/>
</div>
</td>
<td><div><pre>java.lang.AssertionError: 查看元素失败，无法进行click操作
	at net.wanghaifeng.page.android.Android05MyProfilePage.clickOpenMySubscribeTags(Android05MyProfilePage.java:109)
	at test10.yueni.android.myprofile.Test05MyProfilePage.TestFir07stClickMySubscribe(Test05MyProfilePage.java:63)
... Removed 25 stack frames</pre></div><a href='#' onClick='toggleBox("stack-trace611520720", this, "Click to show all stack frames", "Click to hide stack frames")'>Click to show all stack frames</a>
<div class='stack-trace' id='stack-trace611520720'><pre>java.lang.AssertionError: 查看元素失败，无法进行click操作
	at org.testng.AssertJUnit.fail(AssertJUnit.java:59)
	at net.wanghaifeng.page.android.Android05MyProfilePage.clickOpenMySubscribeTags(Android05MyProfilePage.java:109)
	at test10.yueni.android.myprofile.Test05MyProfilePage.TestFir07stClickMySubscribe(Test05MyProfilePage.java:63)
	at sun.reflect.NativeMethodAccessorImpl.invoke0(Native Method)
	at sun.reflect.NativeMethodAccessorImpl.invoke(NativeMethodAccessorImpl.java:62)
	at sun.reflect.DelegatingMethodAccessorImpl.invoke(DelegatingMethodAccessorImpl.java:43)
	at java.lang.reflect.Method.invoke(Method.java:497)
	at org.testng.internal.MethodInvocationHelper.invokeMethod(MethodInvocationHelper.java:84)
	at org.testng.internal.Invoker.invokeMethod(Invoker.java:714)
	at org.testng.internal.Invoker.invokeTestMethod(Invoker.java:901)
	at org.testng.internal.Invoker.invokeTestMethods(Invoker.java:1231)
	at org.testng.internal.TestMethodWorker.invokeTestMethods(TestMethodWorker.java:127)
	at org.testng.internal.TestMethodWorker.run(TestMethodWorker.java:111)
	at org.testng.TestRunner.privateRun(TestRunner.java:767)
	at org.testng.TestRunner.run(TestRunner.java:617)
	at org.testng.SuiteRunner.runTest(SuiteRunner.java:334)
	at org.testng.SuiteRunner.runSequentially(SuiteRunner.java:329)
	at org.testng.SuiteRunner.privateRun(SuiteRunner.java:291)
	at org.testng.SuiteRunner.run(SuiteRunner.java:240)
	at org.testng.SuiteRunnerWorker.runSuite(SuiteRunnerWorker.java:52)
	at org.testng.SuiteRunnerWorker.run(SuiteRunnerWorker.java:86)
	at org.testng.TestNG.runSuitesSequentially(TestNG.java:1224)
	at org.testng.TestNG.runSuitesLocally(TestNG.java:1149)
	at org.testng.TestNG.run(TestNG.java:1057)
	at org.testng.remote.RemoteTestNG.run(RemoteTestNG.java:111)
	at org.testng.remote.RemoteTestNG.initAndRun(RemoteTestNG.java:204)
	at org.testng.remote.RemoteTestNG.main(RemoteTestNG.java:175)
</pre></div></td>
<td>5</td>
<td>test10.yueni.android.myprofile.Test05MyProfilePage@130f889</td></tr>
<tr>
<td title='test10.yueni.android.myprofile.Test06UserCenterPage.TestFir07stClickUserCenterAttentionButton()'><b>TestFir07stClickUserCenterAttentionButton</b><br>Test class: test10.yueni.android.myprofile.Test06UserCenterPage<br>Test method: 点击用户中心关注按钮<br/>
<a href="#Output-1825719826" onClick='toggleBox("Output-1825719826", this, "Show output", "Hide output");'>Show output</a>

<a href="#Output-1825719826" onClick="toggleAllBoxes();">Show all outputs</a>
<div class='log' id="Output-1825719826">
<img src='/Users/chinaskin/UIAutoTest/yueni_ui_test/ScreenShots/TestFir07stClickUserCenterAttentionButton.png' width='50%'/><br/>
</div>
</td>
<td><div><pre>java.lang.AssertionError: 查看元素失败，无法进行click操作
	at net.wanghaifeng.page.android.Android06UserCenterPage.clickUserCentenAttentionButton(Android06UserCenterPage.java:144)
	at test10.yueni.android.myprofile.Test06UserCenterPage.TestFir07stClickUserCenterAttentionButton(Test06UserCenterPage.java:66)
... Removed 25 stack frames</pre></div><a href='#' onClick='toggleBox("stack-trace1825719826", this, "Click to show all stack frames", "Click to hide stack frames")'>Click to show all stack frames</a>
<div class='stack-trace' id='stack-trace1825719826'><pre>java.lang.AssertionError: 查看元素失败，无法进行click操作
	at org.testng.AssertJUnit.fail(AssertJUnit.java:59)
	at net.wanghaifeng.page.android.Android06UserCenterPage.clickUserCentenAttentionButton(Android06UserCenterPage.java:144)
	at test10.yueni.android.myprofile.Test06UserCenterPage.TestFir07stClickUserCenterAttentionButton(Test06UserCenterPage.java:66)
	at sun.reflect.NativeMethodAccessorImpl.invoke0(Native Method)
	at sun.reflect.NativeMethodAccessorImpl.invoke(NativeMethodAccessorImpl.java:62)
	at sun.reflect.DelegatingMethodAccessorImpl.invoke(DelegatingMethodAccessorImpl.java:43)
	at java.lang.reflect.Method.invoke(Method.java:497)
	at org.testng.internal.MethodInvocationHelper.invokeMethod(MethodInvocationHelper.java:84)
	at org.testng.internal.Invoker.invokeMethod(Invoker.java:714)
	at org.testng.internal.Invoker.invokeTestMethod(Invoker.java:901)
	at org.testng.internal.Invoker.invokeTestMethods(Invoker.java:1231)
	at org.testng.internal.TestMethodWorker.invokeTestMethods(TestMethodWorker.java:127)
	at org.testng.internal.TestMethodWorker.run(TestMethodWorker.java:111)
	at org.testng.TestRunner.privateRun(TestRunner.java:767)
	at org.testng.TestRunner.run(TestRunner.java:617)
	at org.testng.SuiteRunner.runTest(SuiteRunner.java:334)
	at org.testng.SuiteRunner.runSequentially(SuiteRunner.java:329)
	at org.testng.SuiteRunner.privateRun(SuiteRunner.java:291)
	at org.testng.SuiteRunner.run(SuiteRunner.java:240)
	at org.testng.SuiteRunnerWorker.runSuite(SuiteRunnerWorker.java:52)
	at org.testng.SuiteRunnerWorker.run(SuiteRunnerWorker.java:86)
	at org.testng.TestNG.runSuitesSequentially(TestNG.java:1224)
	at org.testng.TestNG.runSuitesLocally(TestNG.java:1149)
	at org.testng.TestNG.run(TestNG.java:1057)
	at org.testng.remote.RemoteTestNG.run(RemoteTestNG.java:111)
	at org.testng.remote.RemoteTestNG.initAndRun(RemoteTestNG.java:204)
	at org.testng.remote.RemoteTestNG.main(RemoteTestNG.java:175)
</pre></div></td>
<td>5</td>
<td>test10.yueni.android.myprofile.Test06UserCenterPage@1188e820</td></tr>
<tr>
<td title='test10.yueni.android.myprofile.Test05MyProfilePage.TestFir08stClickMyCollection()'><b>TestFir08stClickMyCollection</b><br>Test class: test10.yueni.android.myprofile.Test05MyProfilePage<br>Test method: 点击打开我的收藏<br/>
<a href="#Output-1020154737" onClick='toggleBox("Output-1020154737", this, "Show output", "Hide output");'>Show output</a>

<a href="#Output-1020154737" onClick="toggleAllBoxes();">Show all outputs</a>
<div class='log' id="Output-1020154737">
<img src='/Users/chinaskin/UIAutoTest/yueni_ui_test/ScreenShots/TestFir08stClickMyCollection.png' width='50%'/><br/>
</div>
</td>
<td><div><pre>java.lang.AssertionError: 查看元素失败，无法进行click操作
	at net.wanghaifeng.page.android.Android05MyProfilePage.clickOpenMyPostCollection(Android05MyProfilePage.java:122)
	at test10.yueni.android.myprofile.Test05MyProfilePage.TestFir08stClickMyCollection(Test05MyProfilePage.java:72)
... Removed 25 stack frames</pre></div><a href='#' onClick='toggleBox("stack-trace1020154737", this, "Click to show all stack frames", "Click to hide stack frames")'>Click to show all stack frames</a>
<div class='stack-trace' id='stack-trace1020154737'><pre>java.lang.AssertionError: 查看元素失败，无法进行click操作
	at org.testng.AssertJUnit.fail(AssertJUnit.java:59)
	at net.wanghaifeng.page.android.Android05MyProfilePage.clickOpenMyPostCollection(Android05MyProfilePage.java:122)
	at test10.yueni.android.myprofile.Test05MyProfilePage.TestFir08stClickMyCollection(Test05MyProfilePage.java:72)
	at sun.reflect.NativeMethodAccessorImpl.invoke0(Native Method)
	at sun.reflect.NativeMethodAccessorImpl.invoke(NativeMethodAccessorImpl.java:62)
	at sun.reflect.DelegatingMethodAccessorImpl.invoke(DelegatingMethodAccessorImpl.java:43)
	at java.lang.reflect.Method.invoke(Method.java:497)
	at org.testng.internal.MethodInvocationHelper.invokeMethod(MethodInvocationHelper.java:84)
	at org.testng.internal.Invoker.invokeMethod(Invoker.java:714)
	at org.testng.internal.Invoker.invokeTestMethod(Invoker.java:901)
	at org.testng.internal.Invoker.invokeTestMethods(Invoker.java:1231)
	at org.testng.internal.TestMethodWorker.invokeTestMethods(TestMethodWorker.java:127)
	at org.testng.internal.TestMethodWorker.run(TestMethodWorker.java:111)
	at org.testng.TestRunner.privateRun(TestRunner.java:767)
	at org.testng.TestRunner.run(TestRunner.java:617)
	at org.testng.SuiteRunner.runTest(SuiteRunner.java:334)
	at org.testng.SuiteRunner.runSequentially(SuiteRunner.java:329)
	at org.testng.SuiteRunner.privateRun(SuiteRunner.java:291)
	at org.testng.SuiteRunner.run(SuiteRunner.java:240)
	at org.testng.SuiteRunnerWorker.runSuite(SuiteRunnerWorker.java:52)
	at org.testng.SuiteRunnerWorker.run(SuiteRunnerWorker.java:86)
	at org.testng.TestNG.runSuitesSequentially(TestNG.java:1224)
	at org.testng.TestNG.runSuitesLocally(TestNG.java:1149)
	at org.testng.TestNG.run(TestNG.java:1057)
	at org.testng.remote.RemoteTestNG.run(RemoteTestNG.java:111)
	at org.testng.remote.RemoteTestNG.initAndRun(RemoteTestNG.java:204)
	at org.testng.remote.RemoteTestNG.main(RemoteTestNG.java:175)
</pre></div></td>
<td>9</td>
<td>test10.yueni.android.myprofile.Test05MyProfilePage@130f889</td></tr>
<tr>
<td title='test10.yueni.android.myprofile.Test06UserCenterPage.TestFir09stClickUserCenterFollowerButton()'><b>TestFir09stClickUserCenterFollowerButton</b><br>Test class: test10.yueni.android.myprofile.Test06UserCenterPage<br>Test method: 点击用户中心粉丝按钮<br/>
<a href="#Output-2038522556" onClick='toggleBox("Output-2038522556", this, "Show output", "Hide output");'>Show output</a>

<a href="#Output-2038522556" onClick="toggleAllBoxes();">Show all outputs</a>
<div class='log' id="Output-2038522556">
<img src='/Users/chinaskin/UIAutoTest/yueni_ui_test/ScreenShots/TestFir09stClickUserCenterFollowerButton.png' width='50%'/><br/>
</div>
</td>
<td><div><pre>java.lang.AssertionError: 查看元素失败，无法进行click操作
	at net.wanghaifeng.page.android.Android06UserCenterPage.clickUserCenterFollowerButton(Android06UserCenterPage.java:178)
	at test10.yueni.android.myprofile.Test06UserCenterPage.TestFir09stClickUserCenterFollowerButton(Test06UserCenterPage.java:82)
... Removed 25 stack frames</pre></div><a href='#' onClick='toggleBox("stack-trace2038522556", this, "Click to show all stack frames", "Click to hide stack frames")'>Click to show all stack frames</a>
<div class='stack-trace' id='stack-trace2038522556'><pre>java.lang.AssertionError: 查看元素失败，无法进行click操作
	at org.testng.AssertJUnit.fail(AssertJUnit.java:59)
	at net.wanghaifeng.page.android.Android06UserCenterPage.clickUserCenterFollowerButton(Android06UserCenterPage.java:178)
	at test10.yueni.android.myprofile.Test06UserCenterPage.TestFir09stClickUserCenterFollowerButton(Test06UserCenterPage.java:82)
	at sun.reflect.NativeMethodAccessorImpl.invoke0(Native Method)
	at sun.reflect.NativeMethodAccessorImpl.invoke(NativeMethodAccessorImpl.java:62)
	at sun.reflect.DelegatingMethodAccessorImpl.invoke(DelegatingMethodAccessorImpl.java:43)
	at java.lang.reflect.Method.invoke(Method.java:497)
	at org.testng.internal.MethodInvocationHelper.invokeMethod(MethodInvocationHelper.java:84)
	at org.testng.internal.Invoker.invokeMethod(Invoker.java:714)
	at org.testng.internal.Invoker.invokeTestMethod(Invoker.java:901)
	at org.testng.internal.Invoker.invokeTestMethods(Invoker.java:1231)
	at org.testng.internal.TestMethodWorker.invokeTestMethods(TestMethodWorker.java:127)
	at org.testng.internal.TestMethodWorker.run(TestMethodWorker.java:111)
	at org.testng.TestRunner.privateRun(TestRunner.java:767)
	at org.testng.TestRunner.run(TestRunner.java:617)
	at org.testng.SuiteRunner.runTest(SuiteRunner.java:334)
	at org.testng.SuiteRunner.runSequentially(SuiteRunner.java:329)
	at org.testng.SuiteRunner.privateRun(SuiteRunner.java:291)
	at org.testng.SuiteRunner.run(SuiteRunner.java:240)
	at org.testng.SuiteRunnerWorker.runSuite(SuiteRunnerWorker.java:52)
	at org.testng.SuiteRunnerWorker.run(SuiteRunnerWorker.java:86)
	at org.testng.TestNG.runSuitesSequentially(TestNG.java:1224)
	at org.testng.TestNG.runSuitesLocally(TestNG.java:1149)
	at org.testng.TestNG.run(TestNG.java:1057)
	at org.testng.remote.RemoteTestNG.run(RemoteTestNG.java:111)
	at org.testng.remote.RemoteTestNG.initAndRun(RemoteTestNG.java:204)
	at org.testng.remote.RemoteTestNG.main(RemoteTestNG.java:175)
</pre></div></td>
<td>6</td>
<td>test10.yueni.android.myprofile.Test06UserCenterPage@1188e820</td></tr>
<tr>
<td title='test10.yueni.android.myprofile.Test06UserCenterPage.TestFir11stClickMyFansUserFace()'><b>TestFir11stClickMyFansUserFace</b><br>Test class: test10.yueni.android.myprofile.Test06UserCenterPage<br>Test method: 点击查看用户中心粉丝用户头像<br/>
<a href="#Output-159475521" onClick='toggleBox("Output-159475521", this, "Show output", "Hide output");'>Show output</a>

<a href="#Output-159475521" onClick="toggleAllBoxes();">Show all outputs</a>
<div class='log' id="Output-159475521">
<img src='/Users/chinaskin/UIAutoTest/yueni_ui_test/ScreenShots/TestFir11stClickMyFansUserFace.png' width='50%'/><br/>
</div>
</td>
<td><div><pre>java.lang.AssertionError: 查看元素失败，无法进行click操作
	at net.wanghaifeng.page.android.Android06UserCenterPage.clickLookUserFansPhoto(Android06UserCenterPage.java:222)
	at test10.yueni.android.myprofile.Test06UserCenterPage.TestFir11stClickMyFansUserFace(Test06UserCenterPage.java:96)
... Removed 25 stack frames</pre></div><a href='#' onClick='toggleBox("stack-trace159475521", this, "Click to show all stack frames", "Click to hide stack frames")'>Click to show all stack frames</a>
<div class='stack-trace' id='stack-trace159475521'><pre>java.lang.AssertionError: 查看元素失败，无法进行click操作
	at org.testng.AssertJUnit.fail(AssertJUnit.java:59)
	at net.wanghaifeng.page.android.Android06UserCenterPage.clickLookUserFansPhoto(Android06UserCenterPage.java:222)
	at test10.yueni.android.myprofile.Test06UserCenterPage.TestFir11stClickMyFansUserFace(Test06UserCenterPage.java:96)
	at sun.reflect.NativeMethodAccessorImpl.invoke0(Native Method)
	at sun.reflect.NativeMethodAccessorImpl.invoke(NativeMethodAccessorImpl.java:62)
	at sun.reflect.DelegatingMethodAccessorImpl.invoke(DelegatingMethodAccessorImpl.java:43)
	at java.lang.reflect.Method.invoke(Method.java:497)
	at org.testng.internal.MethodInvocationHelper.invokeMethod(MethodInvocationHelper.java:84)
	at org.testng.internal.Invoker.invokeMethod(Invoker.java:714)
	at org.testng.internal.Invoker.invokeTestMethod(Invoker.java:901)
	at org.testng.internal.Invoker.invokeTestMethods(Invoker.java:1231)
	at org.testng.internal.TestMethodWorker.invokeTestMethods(TestMethodWorker.java:127)
	at org.testng.internal.TestMethodWorker.run(TestMethodWorker.java:111)
	at org.testng.TestRunner.privateRun(TestRunner.java:767)
	at org.testng.TestRunner.run(TestRunner.java:617)
	at org.testng.SuiteRunner.runTest(SuiteRunner.java:334)
	at org.testng.SuiteRunner.runSequentially(SuiteRunner.java:329)
	at org.testng.SuiteRunner.privateRun(SuiteRunner.java:291)
	at org.testng.SuiteRunner.run(SuiteRunner.java:240)
	at org.testng.SuiteRunnerWorker.runSuite(SuiteRunnerWorker.java:52)
	at org.testng.SuiteRunnerWorker.run(SuiteRunnerWorker.java:86)
	at org.testng.TestNG.runSuitesSequentially(TestNG.java:1224)
	at org.testng.TestNG.runSuitesLocally(TestNG.java:1149)
	at org.testng.TestNG.run(TestNG.java:1057)
	at org.testng.remote.RemoteTestNG.run(RemoteTestNG.java:111)
	at org.testng.remote.RemoteTestNG.initAndRun(RemoteTestNG.java:204)
	at org.testng.remote.RemoteTestNG.main(RemoteTestNG.java:175)
</pre></div></td>
<td>5</td>
<td>test10.yueni.android.myprofile.Test06UserCenterPage@1188e820</td></tr>
<tr>
<td title='test10.yueni.android.myprofile.Test05MyProfilePage.TestFir11stClickTestAfterMethod()'><b>TestFir11stClickTestAfterMethod</b><br>Test class: test10.yueni.android.myprofile.Test05MyProfilePage<br>Test method: 我是三年二班的王同学<br/>
<a href="#Output-871160466" onClick='toggleBox("Output-871160466", this, "Show output", "Hide output");'>Show output</a>

<a href="#Output-871160466" onClick="toggleAllBoxes();">Show all outputs</a>
<div class='log' id="Output-871160466">
<img src='/Users/chinaskin/UIAutoTest/yueni_ui_test/ScreenShots/TestFir11stClickTestAfterMethod.png' width='50%'/><br/>
</div>
</td>
<td><div><pre>java.lang.AssertionError: expected:&lt;1&gt; but was:&lt;2&gt;
	at test10.yueni.android.myprofile.Test05MyProfilePage.TestFir11stClickTestAfterMethod(Test05MyProfilePage.java:96)
... Removed 29 stack frames</pre></div><a href='#' onClick='toggleBox("stack-trace871160466", this, "Click to show all stack frames", "Click to hide stack frames")'>Click to show all stack frames</a>
<div class='stack-trace' id='stack-trace871160466'><pre>java.lang.AssertionError: expected:&lt;1&gt; but was:&lt;2&gt;
	at org.testng.AssertJUnit.fail(AssertJUnit.java:59)
	at org.testng.AssertJUnit.failNotEquals(AssertJUnit.java:364)
	at org.testng.AssertJUnit.assertEquals(AssertJUnit.java:80)
	at org.testng.AssertJUnit.assertEquals(AssertJUnit.java:245)
	at org.testng.AssertJUnit.assertEquals(AssertJUnit.java:252)
	at test10.yueni.android.myprofile.Test05MyProfilePage.TestFir11stClickTestAfterMethod(Test05MyProfilePage.java:96)
	at sun.reflect.NativeMethodAccessorImpl.invoke0(Native Method)
	at sun.reflect.NativeMethodAccessorImpl.invoke(NativeMethodAccessorImpl.java:62)
	at sun.reflect.DelegatingMethodAccessorImpl.invoke(DelegatingMethodAccessorImpl.java:43)
	at java.lang.reflect.Method.invoke(Method.java:497)
	at org.testng.internal.MethodInvocationHelper.invokeMethod(MethodInvocationHelper.java:84)
	at org.testng.internal.Invoker.invokeMethod(Invoker.java:714)
	at org.testng.internal.Invoker.invokeTestMethod(Invoker.java:901)
	at org.testng.internal.Invoker.invokeTestMethods(Invoker.java:1231)
	at org.testng.internal.TestMethodWorker.invokeTestMethods(TestMethodWorker.java:127)
	at org.testng.internal.TestMethodWorker.run(TestMethodWorker.java:111)
	at org.testng.TestRunner.privateRun(TestRunner.java:767)
	at org.testng.TestRunner.run(TestRunner.java:617)
	at org.testng.SuiteRunner.runTest(SuiteRunner.java:334)
	at org.testng.SuiteRunner.runSequentially(SuiteRunner.java:329)
	at org.testng.SuiteRunner.privateRun(SuiteRunner.java:291)
	at org.testng.SuiteRunner.run(SuiteRunner.java:240)
	at org.testng.SuiteRunnerWorker.runSuite(SuiteRunnerWorker.java:52)
	at org.testng.SuiteRunnerWorker.run(SuiteRunnerWorker.java:86)
	at org.testng.TestNG.runSuitesSequentially(TestNG.java:1224)
	at org.testng.TestNG.runSuitesLocally(TestNG.java:1149)
	at org.testng.TestNG.run(TestNG.java:1057)
	at org.testng.remote.RemoteTestNG.run(RemoteTestNG.java:111)
	at org.testng.remote.RemoteTestNG.initAndRun(RemoteTestNG.java:204)
	at org.testng.remote.RemoteTestNG.main(RemoteTestNG.java:175)
</pre></div></td>
<td>0</td>
<td>test10.yueni.android.myprofile.Test05MyProfilePage@130f889</td></tr>
<tr>
<td title='test10.yueni.android.myprofile.Test06UserCenterPage.TestFir12stClickAttentionMyFans()'><b>TestFir12stClickAttentionMyFans</b><br>Test class: test10.yueni.android.myprofile.Test06UserCenterPage<br>Test method: 点击关注我的粉丝用户<br/>
<a href="#Output-1834361038" onClick='toggleBox("Output-1834361038", this, "Show output", "Hide output");'>Show output</a>

<a href="#Output-1834361038" onClick="toggleAllBoxes();">Show all outputs</a>
<div class='log' id="Output-1834361038">
<img src='/Users/chinaskin/UIAutoTest/yueni_ui_test/ScreenShots/TestFir12stClickAttentionMyFans.png' width='50%'/><br/>
</div>
</td>
<td><div><pre>java.lang.AssertionError: 查看元素失败，无法进行click操作
	at net.wanghaifeng.page.android.Android06UserCenterPage.clickAttensionOthersUsers(Android06UserCenterPage.java:208)
	at test10.yueni.android.myprofile.Test06UserCenterPage.TestFir12stClickAttentionMyFans(Test06UserCenterPage.java:102)
... Removed 25 stack frames</pre></div><a href='#' onClick='toggleBox("stack-trace1834361038", this, "Click to show all stack frames", "Click to hide stack frames")'>Click to show all stack frames</a>
<div class='stack-trace' id='stack-trace1834361038'><pre>java.lang.AssertionError: 查看元素失败，无法进行click操作
	at org.testng.AssertJUnit.fail(AssertJUnit.java:59)
	at net.wanghaifeng.page.android.Android06UserCenterPage.clickAttensionOthersUsers(Android06UserCenterPage.java:208)
	at test10.yueni.android.myprofile.Test06UserCenterPage.TestFir12stClickAttentionMyFans(Test06UserCenterPage.java:102)
	at sun.reflect.NativeMethodAccessorImpl.invoke0(Native Method)
	at sun.reflect.NativeMethodAccessorImpl.invoke(NativeMethodAccessorImpl.java:62)
	at sun.reflect.DelegatingMethodAccessorImpl.invoke(DelegatingMethodAccessorImpl.java:43)
	at java.lang.reflect.Method.invoke(Method.java:497)
	at org.testng.internal.MethodInvocationHelper.invokeMethod(MethodInvocationHelper.java:84)
	at org.testng.internal.Invoker.invokeMethod(Invoker.java:714)
	at org.testng.internal.Invoker.invokeTestMethod(Invoker.java:901)
	at org.testng.internal.Invoker.invokeTestMethods(Invoker.java:1231)
	at org.testng.internal.TestMethodWorker.invokeTestMethods(TestMethodWorker.java:127)
	at org.testng.internal.TestMethodWorker.run(TestMethodWorker.java:111)
	at org.testng.TestRunner.privateRun(TestRunner.java:767)
	at org.testng.TestRunner.run(TestRunner.java:617)
	at org.testng.SuiteRunner.runTest(SuiteRunner.java:334)
	at org.testng.SuiteRunner.runSequentially(SuiteRunner.java:329)
	at org.testng.SuiteRunner.privateRun(SuiteRunner.java:291)
	at org.testng.SuiteRunner.run(SuiteRunner.java:240)
	at org.testng.SuiteRunnerWorker.runSuite(SuiteRunnerWorker.java:52)
	at org.testng.SuiteRunnerWorker.run(SuiteRunnerWorker.java:86)
	at org.testng.TestNG.runSuitesSequentially(TestNG.java:1224)
	at org.testng.TestNG.runSuitesLocally(TestNG.java:1149)
	at org.testng.TestNG.run(TestNG.java:1057)
	at org.testng.remote.RemoteTestNG.run(RemoteTestNG.java:111)
	at org.testng.remote.RemoteTestNG.initAndRun(RemoteTestNG.java:204)
	at org.testng.remote.RemoteTestNG.main(RemoteTestNG.java:175)
</pre></div></td>
<td>5</td>
<td>test10.yueni.android.myprofile.Test06UserCenterPage@1188e820</td></tr>
<tr>
<td title='test10.yueni.android.myprofile.Test06UserCenterPage.TestFir13stClickUserCenterEditUserInfoButton()'><b>TestFir13stClickUserCenterEditUserInfoButton</b><br>Test class: test10.yueni.android.myprofile.Test06UserCenterPage<br>Test method: 点击用户中心编辑资料功能<br/>
<a href="#Output-1889057031" onClick='toggleBox("Output-1889057031", this, "Show output", "Hide output");'>Show output</a>

<a href="#Output-1889057031" onClick="toggleAllBoxes();">Show all outputs</a>
<div class='log' id="Output-1889057031">
<img src='/Users/chinaskin/UIAutoTest/yueni_ui_test/ScreenShots/TestFir13stClickUserCenterEditUserInfoButton.png' width='50%'/><br/>
</div>
</td>
<td><div><pre>java.lang.AssertionError: 查看元素失败，无法进行click操作
	at net.wanghaifeng.page.android.Android06UserCenterPage.clickUserCenterEditUserInfoButton(Android06UserCenterPage.java:133)
	at test10.yueni.android.myprofile.Test06UserCenterPage.TestFir13stClickUserCenterEditUserInfoButton(Test06UserCenterPage.java:111)
... Removed 25 stack frames</pre></div><a href='#' onClick='toggleBox("stack-trace1889057031", this, "Click to show all stack frames", "Click to hide stack frames")'>Click to show all stack frames</a>
<div class='stack-trace' id='stack-trace1889057031'><pre>java.lang.AssertionError: 查看元素失败，无法进行click操作
	at org.testng.AssertJUnit.fail(AssertJUnit.java:59)
	at net.wanghaifeng.page.android.Android06UserCenterPage.clickUserCenterEditUserInfoButton(Android06UserCenterPage.java:133)
	at test10.yueni.android.myprofile.Test06UserCenterPage.TestFir13stClickUserCenterEditUserInfoButton(Test06UserCenterPage.java:111)
	at sun.reflect.NativeMethodAccessorImpl.invoke0(Native Method)
	at sun.reflect.NativeMethodAccessorImpl.invoke(NativeMethodAccessorImpl.java:62)
	at sun.reflect.DelegatingMethodAccessorImpl.invoke(DelegatingMethodAccessorImpl.java:43)
	at java.lang.reflect.Method.invoke(Method.java:497)
	at org.testng.internal.MethodInvocationHelper.invokeMethod(MethodInvocationHelper.java:84)
	at org.testng.internal.Invoker.invokeMethod(Invoker.java:714)
	at org.testng.internal.Invoker.invokeTestMethod(Invoker.java:901)
	at org.testng.internal.Invoker.invokeTestMethods(Invoker.java:1231)
	at org.testng.internal.TestMethodWorker.invokeTestMethods(TestMethodWorker.java:127)
	at org.testng.internal.TestMethodWorker.run(TestMethodWorker.java:111)
	at org.testng.TestRunner.privateRun(TestRunner.java:767)
	at org.testng.TestRunner.run(TestRunner.java:617)
	at org.testng.SuiteRunner.runTest(SuiteRunner.java:334)
	at org.testng.SuiteRunner.runSequentially(SuiteRunner.java:329)
	at org.testng.SuiteRunner.privateRun(SuiteRunner.java:291)
	at org.testng.SuiteRunner.run(SuiteRunner.java:240)
	at org.testng.SuiteRunnerWorker.runSuite(SuiteRunnerWorker.java:52)
	at org.testng.SuiteRunnerWorker.run(SuiteRunnerWorker.java:86)
	at org.testng.TestNG.runSuitesSequentially(TestNG.java:1224)
	at org.testng.TestNG.runSuitesLocally(TestNG.java:1149)
	at org.testng.TestNG.run(TestNG.java:1057)
	at org.testng.remote.RemoteTestNG.run(RemoteTestNG.java:111)
	at org.testng.remote.RemoteTestNG.initAndRun(RemoteTestNG.java:204)
	at org.testng.remote.RemoteTestNG.main(RemoteTestNG.java:175)
</pre></div></td>
<td>5</td>
<td>test10.yueni.android.myprofile.Test06UserCenterPage@1188e820</td></tr>
<tr>
<td title='test10.yueni.android.myprofile.Test06UserCenterPage.TestFir14stClickTestAfterMethod()'><b>TestFir14stClickTestAfterMethod</b><br>Test class: test10.yueni.android.myprofile.Test06UserCenterPage<br>Test method: 我是三年三班的周同学<br/>
<a href="#Output-271095942" onClick='toggleBox("Output-271095942", this, "Show output", "Hide output");'>Show output</a>

<a href="#Output-271095942" onClick="toggleAllBoxes();">Show all outputs</a>
<div class='log' id="Output-271095942">
<img src='/Users/chinaskin/UIAutoTest/yueni_ui_test/ScreenShots/TestFir14stClickTestAfterMethod.png' width='50%'/><br/>
</div>
</td>
<td><div><pre>java.lang.AssertionError: expected:&lt;1&gt; but was:&lt;2&gt;
	at test10.yueni.android.myprofile.Test06UserCenterPage.TestFir14stClickTestAfterMethod(Test06UserCenterPage.java:120)
... Removed 29 stack frames</pre></div><a href='#' onClick='toggleBox("stack-trace271095942", this, "Click to show all stack frames", "Click to hide stack frames")'>Click to show all stack frames</a>
<div class='stack-trace' id='stack-trace271095942'><pre>java.lang.AssertionError: expected:&lt;1&gt; but was:&lt;2&gt;
	at org.testng.AssertJUnit.fail(AssertJUnit.java:59)
	at org.testng.AssertJUnit.failNotEquals(AssertJUnit.java:364)
	at org.testng.AssertJUnit.assertEquals(AssertJUnit.java:80)
	at org.testng.AssertJUnit.assertEquals(AssertJUnit.java:245)
	at org.testng.AssertJUnit.assertEquals(AssertJUnit.java:252)
	at test10.yueni.android.myprofile.Test06UserCenterPage.TestFir14stClickTestAfterMethod(Test06UserCenterPage.java:120)
	at sun.reflect.NativeMethodAccessorImpl.invoke0(Native Method)
	at sun.reflect.NativeMethodAccessorImpl.invoke(NativeMethodAccessorImpl.java:62)
	at sun.reflect.DelegatingMethodAccessorImpl.invoke(DelegatingMethodAccessorImpl.java:43)
	at java.lang.reflect.Method.invoke(Method.java:497)
	at org.testng.internal.MethodInvocationHelper.invokeMethod(MethodInvocationHelper.java:84)
	at org.testng.internal.Invoker.invokeMethod(Invoker.java:714)
	at org.testng.internal.Invoker.invokeTestMethod(Invoker.java:901)
	at org.testng.internal.Invoker.invokeTestMethods(Invoker.java:1231)
	at org.testng.internal.TestMethodWorker.invokeTestMethods(TestMethodWorker.java:127)
	at org.testng.internal.TestMethodWorker.run(TestMethodWorker.java:111)
	at org.testng.TestRunner.privateRun(TestRunner.java:767)
	at org.testng.TestRunner.run(TestRunner.java:617)
	at org.testng.SuiteRunner.runTest(SuiteRunner.java:334)
	at org.testng.SuiteRunner.runSequentially(SuiteRunner.java:329)
	at org.testng.SuiteRunner.privateRun(SuiteRunner.java:291)
	at org.testng.SuiteRunner.run(SuiteRunner.java:240)
	at org.testng.SuiteRunnerWorker.runSuite(SuiteRunnerWorker.java:52)
	at org.testng.SuiteRunnerWorker.run(SuiteRunnerWorker.java:86)
	at org.testng.TestNG.runSuitesSequentially(TestNG.java:1224)
	at org.testng.TestNG.runSuitesLocally(TestNG.java:1149)
	at org.testng.TestNG.run(TestNG.java:1057)
	at org.testng.remote.RemoteTestNG.run(RemoteTestNG.java:111)
	at org.testng.remote.RemoteTestNG.initAndRun(RemoteTestNG.java:204)
	at org.testng.remote.RemoteTestNG.main(RemoteTestNG.java:175)
</pre></div></td>
<td>0</td>
<td>test10.yueni.android.myprofile.Test06UserCenterPage@1188e820</td></tr>
</table><p>
<table width='100%' border='1' class='invocation-passed'>
<tr><td colspan='4' align='center'><b>PASSED TESTS</b></td></tr>
<tr><td><b>Test method</b></td>
<td width="30%"><b>Exception</b></td>
<td width="10%"><b>Time (seconds)</b></td>
<td><b>Instance</b></td>
</tr>
<tr>
<td title='test10.yueni.android.myprofile.Test05MyProfilePage.TestFir01stClickExperience()'><b>TestFir01stClickExperience</b><br>Test class: test10.yueni.android.myprofile.Test05MyProfilePage<br>Test method: 点击打开我的经验值<br/>
<a href="#Output-1000966072" onClick='toggleBox("Output-1000966072", this, "Show output", "Hide output");'>Show output</a>

<a href="#Output-1000966072" onClick="toggleAllBoxes();">Show all outputs</a>
<div class='log' id="Output-1000966072">
<测试通过><br/>
</div>
</td>
<td></td>
<td>1</td>
<td>test10.yueni.android.myprofile.Test05MyProfilePage@130f889</td></tr>
<tr>
<td title='test06.yueni.android.base.Test00AutoTestBase.TestFir01stInitTestData()'><b>TestFir01stInitTestData</b><br>Test class: test06.yueni.android.base.Test00AutoTestBase<br>Test method: 初始化测试数据<br/>
<a href="#Output-1187903677" onClick='toggleBox("Output-1187903677", this, "Show output", "Hide output");'>Show output</a>

<a href="#Output-1187903677" onClick="toggleAllBoxes();">Show all outputs</a>
<div class='log' id="Output-1187903677">
启动设备分辨率:1080.0*1794.0<br/>
</div>
</td>
<td></td>
<td>1</td>
<td>test06.yueni.android.base.Test00AutoTestBase@71d15f18</td></tr>
<tr>
<td title='test10.yueni.android.myprofile.Test05MyProfilePage.TestFir02stClickOpenUpgraderRule()'><b>TestFir02stClickOpenUpgraderRule</b><br>Test class: test10.yueni.android.myprofile.Test05MyProfilePage<br>Test method: 点击打开升级规则<br/>
<a href="#Output-1208442275" onClick='toggleBox("Output-1208442275", this, "Show output", "Hide output");'>Show output</a>

<a href="#Output-1208442275" onClick="toggleAllBoxes();">Show all outputs</a>
<div class='log' id="Output-1208442275">
<测试通过><br/>
</div>
</td>
<td></td>
<td>8</td>
<td>test10.yueni.android.myprofile.Test05MyProfilePage@130f889</td></tr>
<tr>
<td title='test06.yueni.android.base.Test00AutoTestBase.TestFir02stInitTestApp()'><b>TestFir02stInitTestApp</b><br>Test class: test06.yueni.android.base.Test00AutoTestBase<br>Test method: 初始化测试应用</td>
<td></td>
<td>5</td>
<td>test06.yueni.android.base.Test00AutoTestBase@71d15f18</td></tr>
<tr>
<td title='test10.yueni.android.myprofile.Test05MyProfilePage.TestFir03stClickSetMyAddress()'><b>TestFir03stClickSetMyAddress</b><br>Test class: test10.yueni.android.myprofile.Test05MyProfilePage<br>Test method: 点击打开我的收货地址<br/>
<a href="#Output-1094523823" onClick='toggleBox("Output-1094523823", this, "Show output", "Hide output");'>Show output</a>

<a href="#Output-1094523823" onClick="toggleAllBoxes();">Show all outputs</a>
<div class='log' id="Output-1094523823">
<测试通过><br/>
</div>
</td>
<td></td>
<td>3</td>
<td>test10.yueni.android.myprofile.Test05MyProfilePage@130f889</td></tr>
<tr>
<td title='test10.yueni.android.myprofile.Test05MyProfilePage.TestFir04stClickBandingNum()'><b>TestFir04stClickBandingNum</b><br>Test class: test10.yueni.android.myprofile.Test05MyProfilePage<br>Test method: 点击打开我绑定的手机号码<br/>
<a href="#Output-1182908789" onClick='toggleBox("Output-1182908789", this, "Show output", "Hide output");'>Show output</a>

<a href="#Output-1182908789" onClick="toggleAllBoxes();">Show all outputs</a>
<div class='log' id="Output-1182908789">
<测试通过><br/>
</div>
</td>
<td></td>
<td>3</td>
<td>test10.yueni.android.myprofile.Test05MyProfilePage@130f889</td></tr>
<tr>
<td title='test10.yueni.android.myprofile.Test05MyProfilePage.TestFir05stClickMenstruationAssistant()'><b>TestFir05stClickMenstruationAssistant</b><br>Test class: test10.yueni.android.myprofile.Test05MyProfilePage<br>Test method: 点击打开姨妈助手<br/>
<a href="#Output-572145572" onClick='toggleBox("Output-572145572", this, "Show output", "Hide output");'>Show output</a>

<a href="#Output-572145572" onClick="toggleAllBoxes();">Show all outputs</a>
<div class='log' id="Output-572145572">
<测试通过><br/>
</div>
</td>
<td></td>
<td>4</td>
<td>test10.yueni.android.myprofile.Test05MyProfilePage@130f889</td></tr>
<tr>
<td title='test10.yueni.android.myprofile.Test06UserCenterPage.TestFir08stClickUserCenterAttentionList()'><b>TestFir08stClickUserCenterAttentionList</b><br>Test class: test10.yueni.android.myprofile.Test06UserCenterPage<br>Test method: 点击用户中心关注列表用户</td>
<td></td>
<td>17</td>
<td>test10.yueni.android.myprofile.Test06UserCenterPage@1188e820</td></tr>
<tr>
<td title='test10.yueni.android.myprofile.Test05MyProfilePage.TestFir09stClickBindSocailPlatform()'><b>TestFir09stClickBindSocailPlatform</b><br>Test class: test10.yueni.android.myprofile.Test05MyProfilePage<br>Test method: 点击打开绑定社交平台<br/>
<a href="#Output-1193471756" onClick='toggleBox("Output-1193471756", this, "Show output", "Hide output");'>Show output</a>

<a href="#Output-1193471756" onClick="toggleAllBoxes();">Show all outputs</a>
<div class='log' id="Output-1193471756">
<测试通过><br/>
</div>
</td>
<td></td>
<td>4</td>
<td>test10.yueni.android.myprofile.Test05MyProfilePage@130f889</td></tr>
<tr>
<td title='test10.yueni.android.myprofile.Test05MyProfilePage.TestFir10stClickSystemSettingPage()'><b>TestFir10stClickSystemSettingPage</b><br>Test class: test10.yueni.android.myprofile.Test05MyProfilePage<br>Test method: 点击打开系统设置<br/>
<a href="#Output-1710814638" onClick='toggleBox("Output-1710814638", this, "Show output", "Hide output");'>Show output</a>

<a href="#Output-1710814638" onClick="toggleAllBoxes();">Show all outputs</a>
<div class='log' id="Output-1710814638">
<测试通过><br/>
</div>
</td>
<td></td>
<td>3</td>
<td>test10.yueni.android.myprofile.Test05MyProfilePage@130f889</td></tr>
<tr>
<td title='test10.yueni.android.myprofile.Test06UserCenterPage.TestFir10stClickUserCenterFollowerList()'><b>TestFir10stClickUserCenterFollowerList</b><br>Test class: test10.yueni.android.myprofile.Test06UserCenterPage<br>Test method: 点击用户中心粉丝用户列表</td>
<td></td>
<td>5</td>
<td>test10.yueni.android.myprofile.Test06UserCenterPage@1188e820</td></tr>
</table><p>
<table width='100%' border='1' class='invocation-skipped'>
<tr><td colspan='4' align='center'><b>SKIPPED TESTS</b></td></tr>
<tr><td><b>Test method</b></td>
<td width="30%"><b>Exception</b></td>
<td width="10%"><b>Time (seconds)</b></td>
<td><b>Instance</b></td>
</tr>
<tr>
<td title='test10.yueni.android.myprofile.Test07SystemSettingPage.TestFir02stClickModifyUserPassword()'><b>TestFir02stClickModifyUserPassword</b><br>Test class: test10.yueni.android.myprofile.Test07SystemSettingPage<br>Test method: 打开修改用户密码页面</td>
<td></td>
<td>0</td>
<td>test10.yueni.android.myprofile.Test07SystemSettingPage@2f490758</td></tr>
<tr>
<td title='test10.yueni.android.myprofile.Test07SystemSettingPage.TestFir03stClickModifyUserPassword()'><b>TestFir03stClickModifyUserPassword</b><br>Test class: test10.yueni.android.myprofile.Test07SystemSettingPage<br>Test method: 修改用户密码</td>
<td></td>
<td>0</td>
<td>test10.yueni.android.myprofile.Test07SystemSettingPage@2f490758</td></tr>
<tr>
<td title='test10.yueni.android.myprofile.Test07SystemSettingPage.TestFir04stClickOpenMessageCenterSet()'><b>TestFir04stClickOpenMessageCenterSet</b><br>Test class: test10.yueni.android.myprofile.Test07SystemSettingPage<br>Test method: 点击消息中心设置</td>
<td></td>
<td>0</td>
<td>test10.yueni.android.myprofile.Test07SystemSettingPage@2f490758</td></tr>
<tr>
<td title='test10.yueni.android.myprofile.Test07SystemSettingPage.TestFir05stClickImageQualitySetting()'><b>TestFir05stClickImageQualitySetting</b><br>Test class: test10.yueni.android.myprofile.Test07SystemSettingPage<br>Test method: 点击图片质量设置</td>
<td></td>
<td>0</td>
<td>test10.yueni.android.myprofile.Test07SystemSettingPage@2f490758</td></tr>
<tr>
<td title='test10.yueni.android.myprofile.Test07SystemSettingPage.TestFir08stClickOpenFeedback()'><b>TestFir08stClickOpenFeedback</b><br>Test class: test10.yueni.android.myprofile.Test07SystemSettingPage<br>Test method: 打开意见反馈</td>
<td></td>
<td>0</td>
<td>test10.yueni.android.myprofile.Test07SystemSettingPage@2f490758</td></tr>
<tr>
<td title='test10.yueni.android.myprofile.Test07SystemSettingPage.TestFir09stClickOpenFeedback()'><b>TestFir09stClickOpenFeedback</b><br>Test class: test10.yueni.android.myprofile.Test07SystemSettingPage<br>Test method: 输入并点击提交意见反馈</td>
<td></td>
<td>0</td>
<td>test10.yueni.android.myprofile.Test07SystemSettingPage@2f490758</td></tr>
<tr>
<td title='test10.yueni.android.myprofile.Test07SystemSettingPage.TestFir10stClickOpenAboutUs()'><b>TestFir10stClickOpenAboutUs</b><br>Test class: test10.yueni.android.myprofile.Test07SystemSettingPage<br>Test method: 点击关于我们</td>
<td></td>
<td>0</td>
<td>test10.yueni.android.myprofile.Test07SystemSettingPage@2f490758</td></tr>
<tr>
<td title='test10.yueni.android.myprofile.Test07SystemSettingPage.TestFir11stClickShareAppToFriend()'><b>TestFir11stClickShareAppToFriend</b><br>Test class: test10.yueni.android.myprofile.Test07SystemSettingPage<br>Test method: 测试分享瓷肌给好友</td>
<td></td>
<td>0</td>
<td>test10.yueni.android.myprofile.Test07SystemSettingPage@2f490758</td></tr>
<tr>
<td title='test10.yueni.android.myprofile.Test07SystemSettingPage.TestFir12stClickUserExitLogout()'><b>TestFir12stClickUserExitLogout</b><br>Test class: test10.yueni.android.myprofile.Test07SystemSettingPage<br>Test method: 点击退出当前用户</td>
<td></td>
<td>0</td>
<td>test10.yueni.android.myprofile.Test07SystemSettingPage@2f490758</td></tr>
</table><p>
</body>
</html>